2010.01.15 08:53 B D:\Mes documents\Temp\free\fckeditor\editor\_source\classes\fckcontextmenugroup.js <-- FREE /formagri_2605/fckeditor/editor/_source/classes fckcontextmenugroup.js
2010.01.15 08:53 B D:\Mes documents\Temp\free\fckeditor\editor\_source\classes\fckcontextmenuitem.js <-- FREE /formagri_2605/fckeditor/editor/_source/classes fckcontextmenuitem.js
2010.01.15 08:53 B D:\Mes documents\Temp\free\fckeditor\editor\_source\classes\fckcontextmenuseparator.js <-- FREE /formagri_2605/fckeditor/editor/_source/classes fckcontextmenuseparator.js
2010.01.15 08:54 B D:\Mes documents\Temp\free\fckeditor\editor\_source\classes\fckevents.js <-- FREE /formagri_2605/fckeditor/editor/_source/classes fckevents.js
2010.01.15 08:54 B D:\Mes documents\Temp\free\fckeditor\editor\_source\classes\fckpanel_gecko.js <-- FREE /formagri_2605/fckeditor/editor/_source/classes fckpanel_gecko.js
2010.01.15 08:54 B D:\Mes documents\Temp\free\fckeditor\editor\_source\classes\fckpanel_ie.js <-- FREE /formagri_2605/fckeditor/editor/_source/classes fckpanel_ie.js
2010.01.15 08:54 B D:\Mes documents\Temp\free\fckeditor\editor\_source\classes\fckplugin.js <-- FREE /formagri_2605/fckeditor/editor/_source/classes fckplugin.js
2010.01.15 08:54 B D:\Mes documents\Temp\free\fckeditor\editor\_source\classes\fckspecialcombo.js <-- FREE /formagri_2605/fckeditor/editor/_source/classes fckspecialcombo.js
2010.01.15 08:54 B D:\Mes documents\Temp\free\fckeditor\editor\_source\classes\fckstyledef.js <-- FREE /formagri_2605/fckeditor/editor/_source/classes fckstyledef.js
2010.01.15 08:54 B D:\Mes documents\Temp\free\fckeditor\editor\_source\classes\fckstyledef_gecko.js <-- FREE /formagri_2605/fckeditor/editor/_source/classes fckstyledef_gecko.js
2010.01.15 08:54 B D:\Mes documents\Temp\free\fckeditor\editor\_source\classes\fckstyledef_ie.js <-- FREE /formagri_2605/fckeditor/editor/_source/classes fckstyledef_ie.js
2010.01.15 08:54 B D:\Mes documents\Temp\free\fckeditor\editor\_source\classes\fckstylesloader.js <-- FREE /formagri_2605/fckeditor/editor/_source/classes fckstylesloader.js
2010.01.15 08:54 B D:\Mes documents\Temp\free\fckeditor\editor\_source\classes\fcktoolbar.js <-- FREE /formagri_2605/fckeditor/editor/_source/classes fcktoolbar.js
2010.01.15 08:54 B D:\Mes documents\Temp\free\fckeditor\editor\_source\classes\fcktoolbarbreak_gecko.js <-- FREE /formagri_2605/fckeditor/editor/_source/classes fcktoolbarbreak_gecko.js
2010.01.15 08:54 B D:\Mes documents\Temp\free\fckeditor\editor\_source\classes\fcktoolbarbreak_ie.js <-- FREE /formagri_2605/fckeditor/editor/_source/classes fcktoolbarbreak_ie.js
2010.01.15 08:54 B D:\Mes documents\Temp\free\fckeditor\editor\_source\classes\fcktoolbarbutton.js <-- FREE /formagri_2605/fckeditor/editor/_source/classes fcktoolbarbutton.js
2010.01.15 08:54 B D:\Mes documents\Temp\free\fckeditor\editor\_source\classes\fcktoolbarcombo.js <-- FREE /formagri_2605/fckeditor/editor/_source/classes fcktoolbarcombo.js
2010.01.15 08:54 B D:\Mes documents\Temp\free\fckeditor\editor\_source\classes\fcktoolbarfontformatcombo.js <-- FREE /formagri_2605/fckeditor/editor/_source/classes fcktoolbarfontformatcombo.js
2010.01.15 08:54 B D:\Mes documents\Temp\free\fckeditor\editor\_source\classes\fcktoolbarfontscombo.js <-- FREE /formagri_2605/fckeditor/editor/_source/classes fcktoolbarfontscombo.js
2010.01.15 08:54 B D:\Mes documents\Temp\free\fckeditor\editor\_source\classes\fcktoolbarfontsizecombo.js <-- FREE /formagri_2605/fckeditor/editor/_source/classes fcktoolbarfontsizecombo.js
2010.01.15 08:54 B D:\Mes documents\Temp\free\fckeditor\editor\_source\classes\fcktoolbarpanelbutton.js <-- FREE /formagri_2605/fckeditor/editor/_source/classes fcktoolbarpanelbutton.js
2010.01.15 08:54 B D:\Mes documents\Temp\free\fckeditor\editor\_source\classes\fcktoolbarspecialcombo.js <-- FREE /formagri_2605/fckeditor/editor/_source/classes fcktoolbarspecialcombo.js
2010.01.15 08:54 B D:\Mes documents\Temp\free\fckeditor\editor\_source\classes\fcktoolbarstylecombo.js <-- FREE /formagri_2605/fckeditor/editor/_source/classes fcktoolbarstylecombo.js
2010.01.15 08:54 B D:\Mes documents\Temp\free\fckeditor\editor\_source\classes\fckxml_gecko.js <-- FREE /formagri_2605/fckeditor/editor/_source/classes fckxml_gecko.js
2010.01.15 08:54 B D:\Mes documents\Temp\free\fckeditor\editor\_source\classes\fckxml_ie.js <-- FREE /formagri_2605/fckeditor/editor/_source/classes fckxml_ie.js
