2010.01.15 08:53 B D:\Mes documents\Temp\free\config\images\acroread.jpg <-- FREE /formagri_2605/config/images acroread.jpg
2010.01.15 08:53 B D:\Mes documents\Temp\free\config\images\autre.jpg <-- FREE /formagri_2605/config/images autre.jpg
2010.01.15 08:53 B D:\Mes documents\Temp\free\config\images\cnpr.gif <-- FREE /formagri_2605/config/images cnpr.gif
2010.01.15 08:53 B D:\Mes documents\Temp\free\config\images\Computer.jpg <-- FREE /formagri_2605/config/images Computer.jpg
2010.01.15 08:53 B D:\Mes documents\Temp\free\config\images\explorer.jpg <-- FREE /formagri_2605/config/images explorer.jpg
2010.01.15 08:53 B D:\Mes documents\Temp\free\config\images\firefox.jpg <-- FREE /formagri_2605/config/images firefox.jpg
2010.01.15 08:53 B D:\Mes documents\Temp\free\config\images\flash.gif <-- FREE /formagri_2605/config/images flash.gif
2010.01.15 08:53 B D:\Mes documents\Temp\free\config\images\FSE.jpg <-- FREE /formagri_2605/config/images FSE.jpg
2010.01.15 08:53 B D:\Mes documents\Temp\free\config\images\gus.gif <-- FREE /formagri_2605/config/images gus.gif
2010.01.15 08:53 B D:\Mes documents\Temp\free\config\images\gus01.gif <-- FREE /formagri_2605/config/images gus01.gif
2010.01.15 08:53 B D:\Mes documents\Temp\free\config\images\header.jpg <-- FREE /formagri_2605/config/images header.jpg
2010.01.15 08:53 B D:\Mes documents\Temp\free\config\images\important.jpg <-- FREE /formagri_2605/config/images important.jpg
2010.01.15 08:53 B D:\Mes documents\Temp\free\config\images\index.htm <-- FREE /formagri_2605/config/images index.htm
2010.01.15 08:53 B D:\Mes documents\Temp\free\config\images\java.jpg <-- FREE /formagri_2605/config/images java.jpg
2010.01.15 08:53 B D:\Mes documents\Temp\free\config\images\konqueror.jpg <-- FREE /formagri_2605/config/images konqueror.jpg
2010.01.15 08:53 B D:\Mes documents\Temp\free\config\images\logasvae.jpg <-- FREE /formagri_2605/config/images logasvae.jpg
2010.01.15 08:53 B D:\Mes documents\Temp\free\config\images\logo_GIPSA.jpg <-- FREE /formagri_2605/config/images logo_GIPSA.jpg
2010.01.15 08:53 B D:\Mes documents\Temp\free\config\images\logocnpr.gif <-- FREE /formagri_2605/config/images logocnpr.gif
2010.01.15 08:53 B D:\Mes documents\Temp\free\config\images\mascotte.gif <-- FREE /formagri_2605/config/images mascotte.gif
2010.01.15 08:53 B D:\Mes documents\Temp\free\config\images\Mozilla.jpg <-- FREE /formagri_2605/config/images Mozilla.jpg
2010.01.15 08:53 B D:\Mes documents\Temp\free\config\images\netscape.jpg <-- FREE /formagri_2605/config/images netscape.jpg
2010.01.15 08:53 B D:\Mes documents\Temp\free\config\images\opca.jpg <-- FREE /formagri_2605/config/images opca.jpg
2010.01.15 08:53 B D:\Mes documents\Temp\free\config\images\opera.jpg <-- FREE /formagri_2605/config/images opera.jpg
2010.01.15 08:53 B D:\Mes documents\Temp\free\config\images\photoplaq2.gif <-- FREE /formagri_2605/config/images photoplaq2.gif
2010.01.15 08:53 B D:\Mes documents\Temp\free\config\images\popup.jpg <-- FREE /formagri_2605/config/images popup.jpg
2010.01.15 08:53 B D:\Mes documents\Temp\free\config\images\screen.jpg <-- FREE /formagri_2605/config/images screen.jpg
2010.01.15 08:53 B D:\Mes documents\Temp\free\config\images\Thumbs.db <-- FREE /formagri_2605/config/images Thumbs.db
2010.01.15 08:53 B D:\Mes documents\Temp\free\config\images\valider.gif <-- FREE /formagri_2605/config/images valider.gif
2010.01.15 08:53 B D:\Mes documents\Temp\free\config\images\valider_02.gif <-- FREE /formagri_2605/config/images valider_02.gif
