2010.01.15 08:57 B D:\Mes documents\Temp\free\fckeditor\editor\skins\silver\toolbar\about.gif <-- FREE /formagri_2605/fckeditor/editor/skins/silver/toolbar about.gif
2010.01.15 08:57 B D:\Mes documents\Temp\free\fckeditor\editor\skins\silver\toolbar\anchor.gif <-- FREE /formagri_2605/fckeditor/editor/skins/silver/toolbar anchor.gif
2010.01.15 08:57 B D:\Mes documents\Temp\free\fckeditor\editor\skins\silver\toolbar\bgcolor.gif <-- FREE /formagri_2605/fckeditor/editor/skins/silver/toolbar bgcolor.gif
2010.01.15 08:57 B D:\Mes documents\Temp\free\fckeditor\editor\skins\silver\toolbar\bold.gif <-- FREE /formagri_2605/fckeditor/editor/skins/silver/toolbar bold.gif
2010.01.15 08:57 B D:\Mes documents\Temp\free\fckeditor\editor\skins\silver\toolbar\bulletedlist.gif <-- FREE /formagri_2605/fckeditor/editor/skins/silver/toolbar bulletedlist.gif
2010.01.15 08:57 B D:\Mes documents\Temp\free\fckeditor\editor\skins\silver\toolbar\button.gif <-- FREE /formagri_2605/fckeditor/editor/skins/silver/toolbar button.gif
2010.01.15 08:57 B D:\Mes documents\Temp\free\fckeditor\editor\skins\silver\toolbar\checkbox.gif <-- FREE /formagri_2605/fckeditor/editor/skins/silver/toolbar checkbox.gif
2010.01.15 08:57 B D:\Mes documents\Temp\free\fckeditor\editor\skins\silver\toolbar\copy.gif <-- FREE /formagri_2605/fckeditor/editor/skins/silver/toolbar copy.gif
2010.01.15 08:57 B D:\Mes documents\Temp\free\fckeditor\editor\skins\silver\toolbar\cut.gif <-- FREE /formagri_2605/fckeditor/editor/skins/silver/toolbar cut.gif
2010.01.15 08:57 B D:\Mes documents\Temp\free\fckeditor\editor\skins\silver\toolbar\docprops.gif <-- FREE /formagri_2605/fckeditor/editor/skins/silver/toolbar docprops.gif
2010.01.15 08:57 B D:\Mes documents\Temp\free\fckeditor\editor\skins\silver\toolbar\find.gif <-- FREE /formagri_2605/fckeditor/editor/skins/silver/toolbar find.gif
2010.01.15 08:57 B D:\Mes documents\Temp\free\fckeditor\editor\skins\silver\toolbar\form.gif <-- FREE /formagri_2605/fckeditor/editor/skins/silver/toolbar form.gif
2010.01.15 08:57 B D:\Mes documents\Temp\free\fckeditor\editor\skins\silver\toolbar\hiddenfield.gif <-- FREE /formagri_2605/fckeditor/editor/skins/silver/toolbar hiddenfield.gif
2010.01.15 08:57 B D:\Mes documents\Temp\free\fckeditor\editor\skins\silver\toolbar\image.gif <-- FREE /formagri_2605/fckeditor/editor/skins/silver/toolbar image.gif
2010.01.15 08:57 B D:\Mes documents\Temp\free\fckeditor\editor\skins\silver\toolbar\imagebutton.gif <-- FREE /formagri_2605/fckeditor/editor/skins/silver/toolbar imagebutton.gif
2010.01.15 08:57 B D:\Mes documents\Temp\free\fckeditor\editor\skins\silver\toolbar\indent.gif <-- FREE /formagri_2605/fckeditor/editor/skins/silver/toolbar indent.gif
2010.01.15 08:57 B D:\Mes documents\Temp\free\fckeditor\editor\skins\silver\toolbar\inserthorizontalrule.gif <-- FREE /formagri_2605/fckeditor/editor/skins/silver/toolbar inserthorizontalrule.gif
2010.01.15 08:57 B D:\Mes documents\Temp\free\fckeditor\editor\skins\silver\toolbar\insertorderedlist.gif <-- FREE /formagri_2605/fckeditor/editor/skins/silver/toolbar insertorderedlist.gif
2010.01.15 08:57 B D:\Mes documents\Temp\free\fckeditor\editor\skins\silver\toolbar\insertunorderedlist.gif <-- FREE /formagri_2605/fckeditor/editor/skins/silver/toolbar insertunorderedlist.gif
2010.01.15 08:57 B D:\Mes documents\Temp\free\fckeditor\editor\skins\silver\toolbar\italic.gif <-- FREE /formagri_2605/fckeditor/editor/skins/silver/toolbar italic.gif
2010.01.15 08:57 B D:\Mes documents\Temp\free\fckeditor\editor\skins\silver\toolbar\justifycenter.gif <-- FREE /formagri_2605/fckeditor/editor/skins/silver/toolbar justifycenter.gif
2010.01.15 08:57 B D:\Mes documents\Temp\free\fckeditor\editor\skins\silver\toolbar\justifyfull.gif <-- FREE /formagri_2605/fckeditor/editor/skins/silver/toolbar justifyfull.gif
2010.01.15 08:57 B D:\Mes documents\Temp\free\fckeditor\editor\skins\silver\toolbar\justifyleft.gif <-- FREE /formagri_2605/fckeditor/editor/skins/silver/toolbar justifyleft.gif
2010.01.15 08:57 B D:\Mes documents\Temp\free\fckeditor\editor\skins\silver\toolbar\justifyright.gif <-- FREE /formagri_2605/fckeditor/editor/skins/silver/toolbar justifyright.gif
2010.01.15 08:57 B D:\Mes documents\Temp\free\fckeditor\editor\skins\silver\toolbar\link.gif <-- FREE /formagri_2605/fckeditor/editor/skins/silver/toolbar link.gif
2010.01.15 08:57 B D:\Mes documents\Temp\free\fckeditor\editor\skins\silver\toolbar\newpage.gif <-- FREE /formagri_2605/fckeditor/editor/skins/silver/toolbar newpage.gif
2010.01.15 08:57 B D:\Mes documents\Temp\free\fckeditor\editor\skins\silver\toolbar\numberedlist.gif <-- FREE /formagri_2605/fckeditor/editor/skins/silver/toolbar numberedlist.gif
2010.01.15 08:57 B D:\Mes documents\Temp\free\fckeditor\editor\skins\silver\toolbar\outdent.gif <-- FREE /formagri_2605/fckeditor/editor/skins/silver/toolbar outdent.gif
2010.01.15 08:57 B D:\Mes documents\Temp\free\fckeditor\editor\skins\silver\toolbar\paste.gif <-- FREE /formagri_2605/fckeditor/editor/skins/silver/toolbar paste.gif
2010.01.15 08:57 B D:\Mes documents\Temp\free\fckeditor\editor\skins\silver\toolbar\pastetext.gif <-- FREE /formagri_2605/fckeditor/editor/skins/silver/toolbar pastetext.gif
2010.01.15 08:57 B D:\Mes documents\Temp\free\fckeditor\editor\skins\silver\toolbar\pasteword.gif <-- FREE /formagri_2605/fckeditor/editor/skins/silver/toolbar pasteword.gif
2010.01.15 08:57 B D:\Mes documents\Temp\free\fckeditor\editor\skins\silver\toolbar\preview.gif <-- FREE /formagri_2605/fckeditor/editor/skins/silver/toolbar preview.gif
2010.01.15 08:57 B D:\Mes documents\Temp\free\fckeditor\editor\skins\silver\toolbar\print.gif <-- FREE /formagri_2605/fckeditor/editor/skins/silver/toolbar print.gif
2010.01.15 08:57 B D:\Mes documents\Temp\free\fckeditor\editor\skins\silver\toolbar\radio.gif <-- FREE /formagri_2605/fckeditor/editor/skins/silver/toolbar radio.gif
2010.01.15 08:57 B D:\Mes documents\Temp\free\fckeditor\editor\skins\silver\toolbar\redo.gif <-- FREE /formagri_2605/fckeditor/editor/skins/silver/toolbar redo.gif
2010.01.15 08:57 B D:\Mes documents\Temp\free\fckeditor\editor\skins\silver\toolbar\removeformat.gif <-- FREE /formagri_2605/fckeditor/editor/skins/silver/toolbar removeformat.gif
2010.01.15 08:57 B D:\Mes documents\Temp\free\fckeditor\editor\skins\silver\toolbar\replace.gif <-- FREE /formagri_2605/fckeditor/editor/skins/silver/toolbar replace.gif
2010.01.15 08:57 B D:\Mes documents\Temp\free\fckeditor\editor\skins\silver\toolbar\save.gif <-- FREE /formagri_2605/fckeditor/editor/skins/silver/toolbar save.gif
2010.01.15 08:57 B D:\Mes documents\Temp\free\fckeditor\editor\skins\silver\toolbar\select.gif <-- FREE /formagri_2605/fckeditor/editor/skins/silver/toolbar select.gif
2010.01.15 08:57 B D:\Mes documents\Temp\free\fckeditor\editor\skins\silver\toolbar\selectall.gif <-- FREE /formagri_2605/fckeditor/editor/skins/silver/toolbar selectall.gif
2010.01.15 08:57 B D:\Mes documents\Temp\free\fckeditor\editor\skins\silver\toolbar\showdetails.gif <-- FREE /formagri_2605/fckeditor/editor/skins/silver/toolbar showdetails.gif
2010.01.15 08:57 B D:\Mes documents\Temp\free\fckeditor\editor\skins\silver\toolbar\showtableborders.gif <-- FREE /formagri_2605/fckeditor/editor/skins/silver/toolbar showtableborders.gif
2010.01.15 08:57 B D:\Mes documents\Temp\free\fckeditor\editor\skins\silver\toolbar\smiley.gif <-- FREE /formagri_2605/fckeditor/editor/skins/silver/toolbar smiley.gif
2010.01.15 08:57 B D:\Mes documents\Temp\free\fckeditor\editor\skins\silver\toolbar\source.gif <-- FREE /formagri_2605/fckeditor/editor/skins/silver/toolbar source.gif
2010.01.15 08:57 B D:\Mes documents\Temp\free\fckeditor\editor\skins\silver\toolbar\specialchar.gif <-- FREE /formagri_2605/fckeditor/editor/skins/silver/toolbar specialchar.gif
2010.01.15 08:57 B D:\Mes documents\Temp\free\fckeditor\editor\skins\silver\toolbar\spellcheck.gif <-- FREE /formagri_2605/fckeditor/editor/skins/silver/toolbar spellcheck.gif
2010.01.15 08:57 B D:\Mes documents\Temp\free\fckeditor\editor\skins\silver\toolbar\strikethrough.gif <-- FREE /formagri_2605/fckeditor/editor/skins/silver/toolbar strikethrough.gif
2010.01.15 08:57 B D:\Mes documents\Temp\free\fckeditor\editor\skins\silver\toolbar\subscript.gif <-- FREE /formagri_2605/fckeditor/editor/skins/silver/toolbar subscript.gif
2010.01.15 08:57 B D:\Mes documents\Temp\free\fckeditor\editor\skins\silver\toolbar\superscript.gif <-- FREE /formagri_2605/fckeditor/editor/skins/silver/toolbar superscript.gif
2010.01.15 08:57 B D:\Mes documents\Temp\free\fckeditor\editor\skins\silver\toolbar\table.gif <-- FREE /formagri_2605/fckeditor/editor/skins/silver/toolbar table.gif
2010.01.15 08:57 B D:\Mes documents\Temp\free\fckeditor\editor\skins\silver\toolbar\tablecell.gif <-- FREE /formagri_2605/fckeditor/editor/skins/silver/toolbar tablecell.gif
2010.01.15 08:57 B D:\Mes documents\Temp\free\fckeditor\editor\skins\silver\toolbar\tabledeletecells.gif <-- FREE /formagri_2605/fckeditor/editor/skins/silver/toolbar tabledeletecells.gif
2010.01.15 08:57 B D:\Mes documents\Temp\free\fckeditor\editor\skins\silver\toolbar\tabledeletecolumns.gif <-- FREE /formagri_2605/fckeditor/editor/skins/silver/toolbar tabledeletecolumns.gif
2010.01.15 08:57 B D:\Mes documents\Temp\free\fckeditor\editor\skins\silver\toolbar\tabledeleterows.gif <-- FREE /formagri_2605/fckeditor/editor/skins/silver/toolbar tabledeleterows.gif
2010.01.15 08:57 B D:\Mes documents\Temp\free\fckeditor\editor\skins\silver\toolbar\tableinsertcell.gif <-- FREE /formagri_2605/fckeditor/editor/skins/silver/toolbar tableinsertcell.gif
2010.01.15 08:57 B D:\Mes documents\Temp\free\fckeditor\editor\skins\silver\toolbar\tableinsertcolumn.gif <-- FREE /formagri_2605/fckeditor/editor/skins/silver/toolbar tableinsertcolumn.gif
2010.01.15 08:57 B D:\Mes documents\Temp\free\fckeditor\editor\skins\silver\toolbar\tableinsertrow.gif <-- FREE /formagri_2605/fckeditor/editor/skins/silver/toolbar tableinsertrow.gif
2010.01.15 08:57 B D:\Mes documents\Temp\free\fckeditor\editor\skins\silver\toolbar\tablemergecells.gif <-- FREE /formagri_2605/fckeditor/editor/skins/silver/toolbar tablemergecells.gif
2010.01.15 08:57 B D:\Mes documents\Temp\free\fckeditor\editor\skins\silver\toolbar\tablesplitcell.gif <-- FREE /formagri_2605/fckeditor/editor/skins/silver/toolbar tablesplitcell.gif
2010.01.15 08:57 B D:\Mes documents\Temp\free\fckeditor\editor\skins\silver\toolbar\textarea.gif <-- FREE /formagri_2605/fckeditor/editor/skins/silver/toolbar textarea.gif
2010.01.15 08:57 B D:\Mes documents\Temp\free\fckeditor\editor\skins\silver\toolbar\textcolor.gif <-- FREE /formagri_2605/fckeditor/editor/skins/silver/toolbar textcolor.gif
2010.01.15 08:57 B D:\Mes documents\Temp\free\fckeditor\editor\skins\silver\toolbar\textfield.gif <-- FREE /formagri_2605/fckeditor/editor/skins/silver/toolbar textfield.gif
2010.01.15 08:57 B D:\Mes documents\Temp\free\fckeditor\editor\skins\silver\toolbar\underline.gif <-- FREE /formagri_2605/fckeditor/editor/skins/silver/toolbar underline.gif
2010.01.15 08:57 B D:\Mes documents\Temp\free\fckeditor\editor\skins\silver\toolbar\undo.gif <-- FREE /formagri_2605/fckeditor/editor/skins/silver/toolbar undo.gif
2010.01.15 08:57 B D:\Mes documents\Temp\free\fckeditor\editor\skins\silver\toolbar\universalkey.gif <-- FREE /formagri_2605/fckeditor/editor/skins/silver/toolbar universalkey.gif
2010.01.15 08:57 B D:\Mes documents\Temp\free\fckeditor\editor\skins\silver\toolbar\unlink.gif <-- FREE /formagri_2605/fckeditor/editor/skins/silver/toolbar unlink.gif
2010.01.15 08:57 B D:\Mes documents\Temp\free\fckeditor\editor\skins\silver\toolbar\unorderedlist.gif <-- FREE /formagri_2605/fckeditor/editor/skins/silver/toolbar unorderedlist.gif
