2010.01.15 09:01 B D:\Mes documents\Temp\free\images\modules\tut_form\bandobleu.jpg <-- FREE /formagri_2605/images/modules/tut_form bandobleu.jpg
2010.01.15 09:01 B D:\Mes documents\Temp\free\images\modules\tut_form\bandohobleu.gif <-- FREE /formagri_2605/images/modules/tut_form bandohobleu.gif
2010.01.15 09:01 B D:\Mes documents\Temp\free\images\modules\tut_form\bandohobleu1.gif <-- FREE /formagri_2605/images/modules/tut_form bandohobleu1.gif
2010.01.15 09:01 B D:\Mes documents\Temp\free\images\modules\tut_form\bandohobleu_base.gif <-- FREE /formagri_2605/images/modules/tut_form bandohobleu_base.gif
2010.01.15 09:01 B D:\Mes documents\Temp\free\images\modules\tut_form\bandohojaune.gif <-- FREE /formagri_2605/images/modules/tut_form bandohojaune.gif
2010.01.15 09:01 B D:\Mes documents\Temp\free\images\modules\tut_form\bandohovert.gif <-- FREE /formagri_2605/images/modules/tut_form bandohovert.gif
2010.01.15 09:01 B D:\Mes documents\Temp\free\images\modules\tut_form\bandohovert1.gif <-- FREE /formagri_2605/images/modules/tut_form bandohovert1.gif
2010.01.15 09:01 B D:\Mes documents\Temp\free\images\modules\tut_form\bandohoviol.jpg <-- FREE /formagri_2605/images/modules/tut_form bandohoviol.jpg
2010.01.15 09:01 B D:\Mes documents\Temp\free\images\modules\tut_form\bandohoviol1.jpg <-- FREE /formagri_2605/images/modules/tut_form bandohoviol1.jpg
2010.01.15 09:01 B D:\Mes documents\Temp\free\images\modules\tut_form\bandojaune.jpg <-- FREE /formagri_2605/images/modules/tut_form bandojaune.jpg
2010.01.15 09:01 B D:\Mes documents\Temp\free\images\modules\tut_form\bandovert.jpg <-- FREE /formagri_2605/images/modules/tut_form bandovert.jpg
2010.01.15 09:01 B D:\Mes documents\Temp\free\images\modules\tut_form\bandoviol.jpg <-- FREE /formagri_2605/images/modules/tut_form bandoviol.jpg
2010.01.15 09:01 B D:\Mes documents\Temp\free\images\modules\tut_form\boutdeconbleu.gif <-- FREE /formagri_2605/images/modules/tut_form boutdeconbleu.gif
2010.01.15 09:01 B D:\Mes documents\Temp\free\images\modules\tut_form\boutdeconbleu.jpg <-- FREE /formagri_2605/images/modules/tut_form boutdeconbleu.jpg
2010.01.15 09:01 B D:\Mes documents\Temp\free\images\modules\tut_form\boutdeconbleub.gif <-- FREE /formagri_2605/images/modules/tut_form boutdeconbleub.gif
2010.01.15 09:01 B D:\Mes documents\Temp\free\images\modules\tut_form\boutdeconbleub.jpg <-- FREE /formagri_2605/images/modules/tut_form boutdeconbleub.jpg
2010.01.15 09:01 B D:\Mes documents\Temp\free\images\modules\tut_form\boutdeconec.gif <-- FREE /formagri_2605/images/modules/tut_form boutdeconec.gif
2010.01.15 09:01 B D:\Mes documents\Temp\free\images\modules\tut_form\boutdeconec.jpg <-- FREE /formagri_2605/images/modules/tut_form boutdeconec.jpg
2010.01.15 09:01 B D:\Mes documents\Temp\free\images\modules\tut_form\boutdeconec_ru.gif <-- FREE /formagri_2605/images/modules/tut_form boutdeconec_ru.gif
2010.01.15 09:01 B D:\Mes documents\Temp\free\images\modules\tut_form\boutdeconec_ru.jpg <-- FREE /formagri_2605/images/modules/tut_form boutdeconec_ru.jpg
2010.01.15 09:01 B D:\Mes documents\Temp\free\images\modules\tut_form\boutdeconecb.gif <-- FREE /formagri_2605/images/modules/tut_form boutdeconecb.gif
2010.01.15 09:01 B D:\Mes documents\Temp\free\images\modules\tut_form\boutdeconecb.jpg <-- FREE /formagri_2605/images/modules/tut_form boutdeconecb.jpg
2010.01.15 09:01 B D:\Mes documents\Temp\free\images\modules\tut_form\boutdeconecb_ru.gif <-- FREE /formagri_2605/images/modules/tut_form boutdeconecb_ru.gif
2010.01.15 09:01 B D:\Mes documents\Temp\free\images\modules\tut_form\boutdeconecb_ru.jpg <-- FREE /formagri_2605/images/modules/tut_form boutdeconecb_ru.jpg
2010.01.15 09:01 B D:\Mes documents\Temp\free\images\modules\tut_form\boutdeconjaune.jpg <-- FREE /formagri_2605/images/modules/tut_form boutdeconjaune.jpg
2010.01.15 09:01 B D:\Mes documents\Temp\free\images\modules\tut_form\boutdeconjauneb.jpg <-- FREE /formagri_2605/images/modules/tut_form boutdeconjauneb.jpg
2010.01.15 09:01 B D:\Mes documents\Temp\free\images\modules\tut_form\boutdeconver.gif <-- FREE /formagri_2605/images/modules/tut_form boutdeconver.gif
2010.01.15 09:01 B D:\Mes documents\Temp\free\images\modules\tut_form\boutdeconverb.gif <-- FREE /formagri_2605/images/modules/tut_form boutdeconverb.gif
2010.01.15 09:01 B D:\Mes documents\Temp\free\images\modules\tut_form\boutdeconvert.gif <-- FREE /formagri_2605/images/modules/tut_form boutdeconvert.gif
2010.01.15 09:01 B D:\Mes documents\Temp\free\images\modules\tut_form\boutdeconvert.jpg <-- FREE /formagri_2605/images/modules/tut_form boutdeconvert.jpg
2010.01.15 09:01 B D:\Mes documents\Temp\free\images\modules\tut_form\boutdeconvertb.gif <-- FREE /formagri_2605/images/modules/tut_form boutdeconvertb.gif
2010.01.15 09:01 B D:\Mes documents\Temp\free\images\modules\tut_form\boutdeconvertb.jpg <-- FREE /formagri_2605/images/modules/tut_form boutdeconvertb.jpg
2010.01.15 09:01 B D:\Mes documents\Temp\free\images\modules\tut_form\boutdeconviol.gif <-- FREE /formagri_2605/images/modules/tut_form boutdeconviol.gif
2010.01.15 09:01 B D:\Mes documents\Temp\free\images\modules\tut_form\boutdeconviol.jpg <-- FREE /formagri_2605/images/modules/tut_form boutdeconviol.jpg
2010.01.15 09:01 B D:\Mes documents\Temp\free\images\modules\tut_form\boutdeconviolb.gif <-- FREE /formagri_2605/images/modules/tut_form boutdeconviolb.gif
2010.01.15 09:01 B D:\Mes documents\Temp\free\images\modules\tut_form\boutdeconviolb.jpg <-- FREE /formagri_2605/images/modules/tut_form boutdeconviolb.jpg
2010.01.15 09:01 B D:\Mes documents\Temp\free\images\modules\tut_form\boutexport.gif <-- FREE /formagri_2605/images/modules/tut_form boutexport.gif
2010.01.15 09:01 B D:\Mes documents\Temp\free\images\modules\tut_form\boutexportb.gif <-- FREE /formagri_2605/images/modules/tut_form boutexportb.gif
2010.01.15 09:01 B D:\Mes documents\Temp\free\images\modules\tut_form\bouton.gif <-- FREE /formagri_2605/images/modules/tut_form bouton.gif
2010.01.15 09:01 B D:\Mes documents\Temp\free\images\modules\tut_form\flech2off.gif <-- FREE /formagri_2605/images/modules/tut_form flech2off.gif
2010.01.15 09:01 B D:\Mes documents\Temp\free\images\modules\tut_form\flech2on.gif <-- FREE /formagri_2605/images/modules/tut_form flech2on.gif
2010.01.15 09:01 B D:\Mes documents\Temp\free\images\modules\tut_form\flechebas.gif <-- FREE /formagri_2605/images/modules/tut_form flechebas.gif
2010.01.15 09:01 B D:\Mes documents\Temp\free\images\modules\tut_form\flechehaut.gif <-- FREE /formagri_2605/images/modules/tut_form flechehaut.gif
2010.01.15 09:01 B D:\Mes documents\Temp\free\images\modules\tut_form\flechoff.gif <-- FREE /formagri_2605/images/modules/tut_form flechoff.gif
2010.01.15 09:01 B D:\Mes documents\Temp\free\images\modules\tut_form\flechon.gif <-- FREE /formagri_2605/images/modules/tut_form flechon.gif
2010.01.15 09:01 B D:\Mes documents\Temp\free\images\modules\tut_form\icoacadmin.gif <-- FREE /formagri_2605/images/modules/tut_form icoacadmin.gif
2010.01.15 09:01 B D:\Mes documents\Temp\free\images\modules\tut_form\icoacadmin1.gif <-- FREE /formagri_2605/images/modules/tut_form icoacadmin1.gif
2010.01.15 09:01 B D:\Mes documents\Temp\free\images\modules\tut_form\icoacadmin1b.gif <-- FREE /formagri_2605/images/modules/tut_form icoacadmin1b.gif
2010.01.15 09:01 B D:\Mes documents\Temp\free\images\modules\tut_form\icoacadminb.gif <-- FREE /formagri_2605/images/modules/tut_form icoacadminb.gif
2010.01.15 09:01 B D:\Mes documents\Temp\free\images\modules\tut_form\icoacform.gif <-- FREE /formagri_2605/images/modules/tut_form icoacform.gif
2010.01.15 09:01 B D:\Mes documents\Temp\free\images\modules\tut_form\icoacform1.gif <-- FREE /formagri_2605/images/modules/tut_form icoacform1.gif
2010.01.15 09:01 B D:\Mes documents\Temp\free\images\modules\tut_form\icoacform1b.gif <-- FREE /formagri_2605/images/modules/tut_form icoacform1b.gif
2010.01.15 09:01 B D:\Mes documents\Temp\free\images\modules\tut_form\icoacformb.gif <-- FREE /formagri_2605/images/modules/tut_form icoacformb.gif
2010.01.15 09:01 B D:\Mes documents\Temp\free\images\modules\tut_form\icoacresbiblio.gif <-- FREE /formagri_2605/images/modules/tut_form icoacresbiblio.gif
2010.01.15 09:01 B D:\Mes documents\Temp\free\images\modules\tut_form\icoacrespon.gif <-- FREE /formagri_2605/images/modules/tut_form icoacrespon.gif
2010.01.15 09:01 B D:\Mes documents\Temp\free\images\modules\tut_form\icoacrespon1.gif <-- FREE /formagri_2605/images/modules/tut_form icoacrespon1.gif
2010.01.15 09:01 B D:\Mes documents\Temp\free\images\modules\tut_form\icoacrespon1b.gif <-- FREE /formagri_2605/images/modules/tut_form icoacrespon1b.gif
2010.01.15 09:01 B D:\Mes documents\Temp\free\images\modules\tut_form\icoacresponb.gif <-- FREE /formagri_2605/images/modules/tut_form icoacresponb.gif
2010.01.15 09:01 B D:\Mes documents\Temp\free\images\modules\tut_form\icoactivi.gif <-- FREE /formagri_2605/images/modules/tut_form icoactivi.gif
2010.01.15 09:01 B D:\Mes documents\Temp\free\images\modules\tut_form\icoactivitb.gif <-- FREE /formagri_2605/images/modules/tut_form icoactivitb.gif
2010.01.15 09:01 B D:\Mes documents\Temp\free\images\modules\tut_form\icoactivite.gif <-- FREE /formagri_2605/images/modules/tut_form icoactivite.gif
2010.01.15 09:01 B D:\Mes documents\Temp\free\images\modules\tut_form\icoactiviteb.gif <-- FREE /formagri_2605/images/modules/tut_form icoactiviteb.gif
2010.01.15 09:01 B D:\Mes documents\Temp\free\images\modules\tut_form\icoactut.gif <-- FREE /formagri_2605/images/modules/tut_form icoactut.gif
2010.01.15 09:01 B D:\Mes documents\Temp\free\images\modules\tut_form\icoactut1.gif <-- FREE /formagri_2605/images/modules/tut_form icoactut1.gif
2010.01.15 09:01 B D:\Mes documents\Temp\free\images\modules\tut_form\icoactut1b.gif <-- FREE /formagri_2605/images/modules/tut_form icoactut1b.gif
2010.01.15 09:01 B D:\Mes documents\Temp\free\images\modules\tut_form\icoactutb.gif <-- FREE /formagri_2605/images/modules/tut_form icoactutb.gif
2010.01.15 09:01 B D:\Mes documents\Temp\free\images\modules\tut_form\icoaide.gif <-- FREE /formagri_2605/images/modules/tut_form icoaide.gif
2010.01.15 09:01 B D:\Mes documents\Temp\free\images\modules\tut_form\icoaide1.gif <-- FREE /formagri_2605/images/modules/tut_form icoaide1.gif
2010.01.15 09:01 B D:\Mes documents\Temp\free\images\modules\tut_form\icocadenas.gif <-- FREE /formagri_2605/images/modules/tut_form icocadenas.gif
2010.01.15 09:01 B D:\Mes documents\Temp\free\images\modules\tut_form\icofiche.gif <-- FREE /formagri_2605/images/modules/tut_form icofiche.gif
2010.01.15 09:01 B D:\Mes documents\Temp\free\images\modules\tut_form\icoformulprescip.gif <-- FREE /formagri_2605/images/modules/tut_form icoformulprescip.gif
2010.01.15 09:01 B D:\Mes documents\Temp\free\images\modules\tut_form\icoforum.gif <-- FREE /formagri_2605/images/modules/tut_form icoforum.gif
2010.01.15 09:01 B D:\Mes documents\Temp\free\images\modules\tut_form\icogere.gif <-- FREE /formagri_2605/images/modules/tut_form icogere.gif
2010.01.15 09:01 B D:\Mes documents\Temp\free\images\modules\tut_form\icogererb.gif <-- FREE /formagri_2605/images/modules/tut_form icogererb.gif
2010.01.15 09:01 B D:\Mes documents\Temp\free\images\modules\tut_form\icoGgo.gif <-- FREE /formagri_2605/images/modules/tut_form icoGgo.gif
2010.01.15 09:01 B D:\Mes documents\Temp\free\images\modules\tut_form\icoGgob.gif <-- FREE /formagri_2605/images/modules/tut_form icoGgob.gif
2010.01.15 09:01 B D:\Mes documents\Temp\free\images\modules\tut_form\icograph.gif <-- FREE /formagri_2605/images/modules/tut_form icograph.gif
2010.01.15 09:01 B D:\Mes documents\Temp\free\images\modules\tut_form\icograph1.gif <-- FREE /formagri_2605/images/modules/tut_form icograph1.gif
2010.01.15 09:01 B D:\Mes documents\Temp\free\images\modules\tut_form\icogrocal.gif <-- FREE /formagri_2605/images/modules/tut_form icogrocal.gif
2010.01.15 09:01 B D:\Mes documents\Temp\free\images\modules\tut_form\icogrolettre.gif <-- FREE /formagri_2605/images/modules/tut_form icogrolettre.gif
2010.01.15 09:01 B D:\Mes documents\Temp\free\images\modules\tut_form\icogrolettreb.gif <-- FREE /formagri_2605/images/modules/tut_form icogrolettreb.gif
2010.01.15 09:01 B D:\Mes documents\Temp\free\images\modules\tut_form\icolistapprenant.gif <-- FREE /formagri_2605/images/modules/tut_form icolistapprenant.gif
2010.01.15 09:01 B D:\Mes documents\Temp\free\images\modules\tut_form\icomodcad.gif <-- FREE /formagri_2605/images/modules/tut_form icomodcad.gif
2010.01.15 09:01 B D:\Mes documents\Temp\free\images\modules\tut_form\icomodcadb.gif <-- FREE /formagri_2605/images/modules/tut_form icomodcadb.gif
2010.01.15 09:01 B D:\Mes documents\Temp\free\images\modules\tut_form\icomodiparc1.gif <-- FREE /formagri_2605/images/modules/tut_form icomodiparc1.gif
2010.01.15 09:01 B D:\Mes documents\Temp\free\images\modules\tut_form\icomodiparc1na.gif <-- FREE /formagri_2605/images/modules/tut_form icomodiparc1na.gif
2010.01.15 09:01 B D:\Mes documents\Temp\free\images\modules\tut_form\icomodlib.gif <-- FREE /formagri_2605/images/modules/tut_form icomodlib.gif
2010.01.15 09:01 B D:\Mes documents\Temp\free\images\modules\tut_form\icomodlibb.gif <-- FREE /formagri_2605/images/modules/tut_form icomodlibb.gif
2010.01.15 09:01 B D:\Mes documents\Temp\free\images\modules\tut_form\icomodref.gif <-- FREE /formagri_2605/images/modules/tut_form icomodref.gif
2010.01.15 09:02 B D:\Mes documents\Temp\free\images\modules\tut_form\icomodrefb.gif <-- FREE /formagri_2605/images/modules/tut_form icomodrefb.gif
2010.01.15 09:02 B D:\Mes documents\Temp\free\images\modules\tut_form\icomodul.gif <-- FREE /formagri_2605/images/modules/tut_form icomodul.gif
2010.01.15 09:02 B D:\Mes documents\Temp\free\images\modules\tut_form\icomodulb.gif <-- FREE /formagri_2605/images/modules/tut_form icomodulb.gif
2010.01.15 09:02 B D:\Mes documents\Temp\free\images\modules\tut_form\icomodultyp.gif <-- FREE /formagri_2605/images/modules/tut_form icomodultyp.gif
2010.01.15 09:02 B D:\Mes documents\Temp\free\images\modules\tut_form\icomodultypb.gif <-- FREE /formagri_2605/images/modules/tut_form icomodultypb.gif
2010.01.15 09:02 B D:\Mes documents\Temp\free\images\modules\tut_form\iconewmodul.gif <-- FREE /formagri_2605/images/modules/tut_form iconewmodul.gif
2010.01.15 09:02 B D:\Mes documents\Temp\free\images\modules\tut_form\iconewmodulb.gif <-- FREE /formagri_2605/images/modules/tut_form iconewmodulb.gif
2010.01.15 09:02 B D:\Mes documents\Temp\free\images\modules\tut_form\icoproadmin.jpg <-- FREE /formagri_2605/images/modules/tut_form icoproadmin.jpg
2010.01.15 09:02 B D:\Mes documents\Temp\free\images\modules\tut_form\icoproadmin1.jpg <-- FREE /formagri_2605/images/modules/tut_form icoproadmin1.jpg
2010.01.15 09:02 B D:\Mes documents\Temp\free\images\modules\tut_form\icoproappre.jpg <-- FREE /formagri_2605/images/modules/tut_form icoproappre.jpg
2010.01.15 09:02 B D:\Mes documents\Temp\free\images\modules\tut_form\icoproform.jpg <-- FREE /formagri_2605/images/modules/tut_form icoproform.jpg
2010.01.15 09:02 B D:\Mes documents\Temp\free\images\modules\tut_form\icoproform1.jpg <-- FREE /formagri_2605/images/modules/tut_form icoproform1.jpg
2010.01.15 09:02 B D:\Mes documents\Temp\free\images\modules\tut_form\icoprorespon.jpg <-- FREE /formagri_2605/images/modules/tut_form icoprorespon.jpg
2010.01.15 09:02 B D:\Mes documents\Temp\free\images\modules\tut_form\icoprorespon1.jpg <-- FREE /formagri_2605/images/modules/tut_form icoprorespon1.jpg
2010.01.15 09:02 B D:\Mes documents\Temp\free\images\modules\tut_form\icoprotut.jpg <-- FREE /formagri_2605/images/modules/tut_form icoprotut.jpg
2010.01.15 09:02 B D:\Mes documents\Temp\free\images\modules\tut_form\icoprotut1.jpg <-- FREE /formagri_2605/images/modules/tut_form icoprotut1.jpg
2010.01.15 09:02 B D:\Mes documents\Temp\free\images\modules\tut_form\icoresapprenant.gif <-- FREE /formagri_2605/images/modules/tut_form icoresapprenant.gif
2010.01.15 09:02 B D:\Mes documents\Temp\free\images\modules\tut_form\icosequen.gif <-- FREE /formagri_2605/images/modules/tut_form icosequen.gif
2010.01.15 09:02 B D:\Mes documents\Temp\free\images\modules\tut_form\icosequen1.gif <-- FREE /formagri_2605/images/modules/tut_form icosequen1.gif
2010.01.15 09:02 B D:\Mes documents\Temp\free\images\modules\tut_form\icosequen1b.gif <-- FREE /formagri_2605/images/modules/tut_form icosequen1b.gif
2010.01.15 09:02 B D:\Mes documents\Temp\free\images\modules\tut_form\icosequen20.gif <-- FREE /formagri_2605/images/modules/tut_form icosequen20.gif
2010.01.15 09:02 B D:\Mes documents\Temp\free\images\modules\tut_form\icosequenb.gif <-- FREE /formagri_2605/images/modules/tut_form icosequenb.gif
2010.01.15 09:02 B D:\Mes documents\Temp\free\images\modules\tut_form\icosequence.gif <-- FREE /formagri_2605/images/modules/tut_form icosequence.gif
2010.01.15 09:02 B D:\Mes documents\Temp\free\images\modules\tut_form\icotousmod.gif <-- FREE /formagri_2605/images/modules/tut_form icotousmod.gif
2010.01.15 09:02 B D:\Mes documents\Temp\free\images\modules\tut_form\icotousmodb.gif <-- FREE /formagri_2605/images/modules/tut_form icotousmodb.gif
2010.01.15 09:02 B D:\Mes documents\Temp\free\images\modules\tut_form\icotype.gif <-- FREE /formagri_2605/images/modules/tut_form icotype.gif
2010.01.15 09:02 B D:\Mes documents\Temp\free\images\modules\tut_form\index.html <-- FREE /formagri_2605/images/modules/tut_form index.html
2010.01.15 09:02 B D:\Mes documents\Temp\free\images\modules\tut_form\logob.jpg <-- FREE /formagri_2605/images/modules/tut_form logob.jpg
2010.01.15 09:02 B D:\Mes documents\Temp\free\images\modules\tut_form\logoj.jpg <-- FREE /formagri_2605/images/modules/tut_form logoj.jpg
2010.01.15 09:02 B D:\Mes documents\Temp\free\images\modules\tut_form\logovert.jpg <-- FREE /formagri_2605/images/modules/tut_form logovert.jpg
2010.01.15 09:02 B D:\Mes documents\Temp\free\images\modules\tut_form\logoviol.jpg <-- FREE /formagri_2605/images/modules/tut_form logoviol.jpg
2010.01.15 09:02 B D:\Mes documents\Temp\free\images\modules\tut_form\pictoarbo.gif <-- FREE /formagri_2605/images/modules/tut_form pictoarbo.gif
2010.01.15 09:02 B D:\Mes documents\Temp\free\images\modules\tut_form\pticoproadmin.gif <-- FREE /formagri_2605/images/modules/tut_form pticoproadmin.gif
2010.01.15 09:02 B D:\Mes documents\Temp\free\images\modules\tut_form\pticoproadmin.jpg <-- FREE /formagri_2605/images/modules/tut_form pticoproadmin.jpg
2010.01.15 09:02 B D:\Mes documents\Temp\free\images\modules\tut_form\pticoproform.gif <-- FREE /formagri_2605/images/modules/tut_form pticoproform.gif
2010.01.15 09:02 B D:\Mes documents\Temp\free\images\modules\tut_form\pticoproform.jpg <-- FREE /formagri_2605/images/modules/tut_form pticoproform.jpg
2010.01.15 09:02 B D:\Mes documents\Temp\free\images\modules\tut_form\pticoproform.png <-- FREE /formagri_2605/images/modules/tut_form pticoproform.png
2010.01.15 09:02 B D:\Mes documents\Temp\free\images\modules\tut_form\pticoprorespon.gif <-- FREE /formagri_2605/images/modules/tut_form pticoprorespon.gif
2010.01.15 09:02 B D:\Mes documents\Temp\free\images\modules\tut_form\pticoprorespon.jpg <-- FREE /formagri_2605/images/modules/tut_form pticoprorespon.jpg
2010.01.15 09:02 B D:\Mes documents\Temp\free\images\modules\tut_form\pticoprotut.gif <-- FREE /formagri_2605/images/modules/tut_form pticoprotut.gif
2010.01.15 09:02 B D:\Mes documents\Temp\free\images\modules\tut_form\pticoprotut.jpg <-- FREE /formagri_2605/images/modules/tut_form pticoprotut.jpg
2010.01.15 09:02 B D:\Mes documents\Temp\free\images\modules\tut_form\trombpoub.gif <-- FREE /formagri_2605/images/modules/tut_form trombpoub.gif
