2010.01.15 08:52 B D:\Mes documents\Temp\free\Authentification\CAS\docs\api\annotated.html <-- FREE /formagri_2605/Authentification/CAS/docs/api annotated.html
2010.01.15 08:52 B D:\Mes documents\Temp\free\Authentification\CAS\docs\api\CAS_8php-source.html <-- FREE /formagri_2605/Authentification/CAS/docs/api CAS_8php-source.html
2010.01.15 08:52 B D:\Mes documents\Temp\free\Authentification\CAS\docs\api\CAS_8php.html <-- FREE /formagri_2605/Authentification/CAS/docs/api CAS_8php.html
2010.01.15 08:52 B D:\Mes documents\Temp\free\Authentification\CAS\docs\api\classCASClient-members.html <-- FREE /formagri_2605/Authentification/CAS/docs/api classCASClient-members.html
2010.01.15 08:52 B D:\Mes documents\Temp\free\Authentification\CAS\docs\api\classCASClient.html <-- FREE /formagri_2605/Authentification/CAS/docs/api classCASClient.html
2010.01.15 08:52 B D:\Mes documents\Temp\free\Authentification\CAS\docs\api\classPGTStorage-members.html <-- FREE /formagri_2605/Authentification/CAS/docs/api classPGTStorage-members.html
2010.01.15 08:52 B D:\Mes documents\Temp\free\Authentification\CAS\docs\api\classPGTStorage.html <-- FREE /formagri_2605/Authentification/CAS/docs/api classPGTStorage.html
2010.01.15 08:52 B D:\Mes documents\Temp\free\Authentification\CAS\docs\api\classPGTStorage.png <-- FREE /formagri_2605/Authentification/CAS/docs/api classPGTStorage.png
2010.01.15 08:52 B D:\Mes documents\Temp\free\Authentification\CAS\docs\api\classPGTStorageDB-members.html <-- FREE /formagri_2605/Authentification/CAS/docs/api classPGTStorageDB-members.html
2010.01.15 08:52 B D:\Mes documents\Temp\free\Authentification\CAS\docs\api\classPGTStorageDB.html <-- FREE /formagri_2605/Authentification/CAS/docs/api classPGTStorageDB.html
2010.01.15 08:52 B D:\Mes documents\Temp\free\Authentification\CAS\docs\api\classPGTStorageDB.png <-- FREE /formagri_2605/Authentification/CAS/docs/api classPGTStorageDB.png
2010.01.15 08:52 B D:\Mes documents\Temp\free\Authentification\CAS\docs\api\classPGTStorageFile-members.html <-- FREE /formagri_2605/Authentification/CAS/docs/api classPGTStorageFile-members.html
2010.01.15 08:52 B D:\Mes documents\Temp\free\Authentification\CAS\docs\api\classPGTStorageFile.html <-- FREE /formagri_2605/Authentification/CAS/docs/api classPGTStorageFile.html
2010.01.15 08:52 B D:\Mes documents\Temp\free\Authentification\CAS\docs\api\classPGTStorageFile.png <-- FREE /formagri_2605/Authentification/CAS/docs/api classPGTStorageFile.png
2010.01.15 08:52 B D:\Mes documents\Temp\free\Authentification\CAS\docs\api\classphp4DOMAttr-members.html <-- FREE /formagri_2605/Authentification/CAS/docs/api classphp4DOMAttr-members.html
2010.01.15 08:52 B D:\Mes documents\Temp\free\Authentification\CAS\docs\api\classphp4DOMAttr.html <-- FREE /formagri_2605/Authentification/CAS/docs/api classphp4DOMAttr.html
2010.01.15 08:52 B D:\Mes documents\Temp\free\Authentification\CAS\docs\api\classphp4DOMAttr.png <-- FREE /formagri_2605/Authentification/CAS/docs/api classphp4DOMAttr.png
2010.01.15 08:52 B D:\Mes documents\Temp\free\Authentification\CAS\docs\api\classphp4DOMDocument-members.html <-- FREE /formagri_2605/Authentification/CAS/docs/api classphp4DOMDocument-members.html
2010.01.15 08:52 B D:\Mes documents\Temp\free\Authentification\CAS\docs\api\classphp4DOMDocument.html <-- FREE /formagri_2605/Authentification/CAS/docs/api classphp4DOMDocument.html
2010.01.15 08:52 B D:\Mes documents\Temp\free\Authentification\CAS\docs\api\classphp4DOMDocument.png <-- FREE /formagri_2605/Authentification/CAS/docs/api classphp4DOMDocument.png
2010.01.15 08:52 B D:\Mes documents\Temp\free\Authentification\CAS\docs\api\classphp4DOMElement-members.html <-- FREE /formagri_2605/Authentification/CAS/docs/api classphp4DOMElement-members.html
2010.01.15 08:52 B D:\Mes documents\Temp\free\Authentification\CAS\docs\api\classphp4DOMElement.html <-- FREE /formagri_2605/Authentification/CAS/docs/api classphp4DOMElement.html
2010.01.15 08:52 B D:\Mes documents\Temp\free\Authentification\CAS\docs\api\classphp4DOMElement.png <-- FREE /formagri_2605/Authentification/CAS/docs/api classphp4DOMElement.png
2010.01.15 08:52 B D:\Mes documents\Temp\free\Authentification\CAS\docs\api\classphp4DOMNode-members.html <-- FREE /formagri_2605/Authentification/CAS/docs/api classphp4DOMNode-members.html
2010.01.15 08:52 B D:\Mes documents\Temp\free\Authentification\CAS\docs\api\classphp4DOMNode.html <-- FREE /formagri_2605/Authentification/CAS/docs/api classphp4DOMNode.html
2010.01.15 08:52 B D:\Mes documents\Temp\free\Authentification\CAS\docs\api\classphp4DOMNode.png <-- FREE /formagri_2605/Authentification/CAS/docs/api classphp4DOMNode.png
2010.01.15 08:52 B D:\Mes documents\Temp\free\Authentification\CAS\docs\api\classphp4DOMNodelist-members.html <-- FREE /formagri_2605/Authentification/CAS/docs/api classphp4DOMNodelist-members.html
2010.01.15 08:52 B D:\Mes documents\Temp\free\Authentification\CAS\docs\api\classphp4DOMNodelist.html <-- FREE /formagri_2605/Authentification/CAS/docs/api classphp4DOMNodelist.html
2010.01.15 08:52 B D:\Mes documents\Temp\free\Authentification\CAS\docs\api\classphp4DOMXPath-members.html <-- FREE /formagri_2605/Authentification/CAS/docs/api classphp4DOMXPath-members.html
2010.01.15 08:52 B D:\Mes documents\Temp\free\Authentification\CAS\docs\api\classphp4DOMXPath.html <-- FREE /formagri_2605/Authentification/CAS/docs/api classphp4DOMXPath.html
2010.01.15 08:52 B D:\Mes documents\Temp\free\Authentification\CAS\docs\api\classphp4DomXsltStylesheet-members.html <-- FREE /formagri_2605/Authentification/CAS/docs/api classphp4DomXsltStylesheet-members.html
2010.01.15 08:52 B D:\Mes documents\Temp\free\Authentification\CAS\docs\api\classphp4DomXsltStylesheet.html <-- FREE /formagri_2605/Authentification/CAS/docs/api classphp4DomXsltStylesheet.html
2010.01.15 08:52 B D:\Mes documents\Temp\free\Authentification\CAS\docs\api\classphpCAS-members.html <-- FREE /formagri_2605/Authentification/CAS/docs/api classphpCAS-members.html
2010.01.15 08:52 B D:\Mes documents\Temp\free\Authentification\CAS\docs\api\classphpCAS.html <-- FREE /formagri_2605/Authentification/CAS/docs/api classphpCAS.html
2010.01.15 08:52 B D:\Mes documents\Temp\free\Authentification\CAS\docs\api\client_8php-source.html <-- FREE /formagri_2605/Authentification/CAS/docs/api client_8php-source.html
2010.01.15 08:52 B D:\Mes documents\Temp\free\Authentification\CAS\docs\api\client_8php.html <-- FREE /formagri_2605/Authentification/CAS/docs/api client_8php.html
2010.01.15 08:52 B D:\Mes documents\Temp\free\Authentification\CAS\docs\api\deprecated.html <-- FREE /formagri_2605/Authentification/CAS/docs/api deprecated.html
2010.01.15 08:52 B D:\Mes documents\Temp\free\Authentification\CAS\docs\api\domxml-php4-php5_8php-source.html <-- FREE /formagri_2605/Authentification/CAS/docs/api domxml-php4-php5_8php-source.html
2010.01.15 08:52 B D:\Mes documents\Temp\free\Authentification\CAS\docs\api\domxml-php4-php5_8php.html <-- FREE /formagri_2605/Authentification/CAS/docs/api domxml-php4-php5_8php.html
2010.01.15 08:52 B D:\Mes documents\Temp\free\Authentification\CAS\docs\api\doxygen.css <-- FREE /formagri_2605/Authentification/CAS/docs/api doxygen.css
2010.01.15 08:52 B D:\Mes documents\Temp\free\Authentification\CAS\docs\api\doxygen.png <-- FREE /formagri_2605/Authentification/CAS/docs/api doxygen.png
2010.01.15 08:52 B D:\Mes documents\Temp\free\Authentification\CAS\docs\api\english_8php-source.html <-- FREE /formagri_2605/Authentification/CAS/docs/api english_8php-source.html
2010.01.15 08:52 B D:\Mes documents\Temp\free\Authentification\CAS\docs\api\english_8php.html <-- FREE /formagri_2605/Authentification/CAS/docs/api english_8php.html
2010.01.15 08:52 B D:\Mes documents\Temp\free\Authentification\CAS\docs\api\example__db_8php-example.html <-- FREE /formagri_2605/Authentification/CAS/docs/api example__db_8php-example.html
2010.01.15 08:52 B D:\Mes documents\Temp\free\Authentification\CAS\docs\api\example__file_8php-example.html <-- FREE /formagri_2605/Authentification/CAS/docs/api example__file_8php-example.html
2010.01.15 08:52 B D:\Mes documents\Temp\free\Authentification\CAS\docs\api\example__gateway_8php-example.html <-- FREE /formagri_2605/Authentification/CAS/docs/api example__gateway_8php-example.html
2010.01.15 08:52 B D:\Mes documents\Temp\free\Authentification\CAS\docs\api\example__html_8php-example.html <-- FREE /formagri_2605/Authentification/CAS/docs/api example__html_8php-example.html
2010.01.15 08:52 B D:\Mes documents\Temp\free\Authentification\CAS\docs\api\example__lang_8php-example.html <-- FREE /formagri_2605/Authentification/CAS/docs/api example__lang_8php-example.html
2010.01.15 08:52 B D:\Mes documents\Temp\free\Authentification\CAS\docs\api\example__proxy2_8php-example.html <-- FREE /formagri_2605/Authentification/CAS/docs/api example__proxy2_8php-example.html
2010.01.15 08:52 B D:\Mes documents\Temp\free\Authentification\CAS\docs\api\example__proxy_8php-example.html <-- FREE /formagri_2605/Authentification/CAS/docs/api example__proxy_8php-example.html
2010.01.15 08:52 B D:\Mes documents\Temp\free\Authentification\CAS\docs\api\example__service_8php-example.html <-- FREE /formagri_2605/Authentification/CAS/docs/api example__service_8php-example.html
2010.01.15 08:52 B D:\Mes documents\Temp\free\Authentification\CAS\docs\api\example__session__proxy_8php-example.html <-- FREE /formagri_2605/Authentification/CAS/docs/api example__session__proxy_8php-example.html
2010.01.15 08:52 B D:\Mes documents\Temp\free\Authentification\CAS\docs\api\example__session__service_8php-example.html <-- FREE /formagri_2605/Authentification/CAS/docs/api example__session__service_8php-example.html
2010.01.15 08:52 B D:\Mes documents\Temp\free\Authentification\CAS\docs\api\example__simple_8php-example.html <-- FREE /formagri_2605/Authentification/CAS/docs/api example__simple_8php-example.html
2010.01.15 08:52 B D:\Mes documents\Temp\free\Authentification\CAS\docs\api\examples.html <-- FREE /formagri_2605/Authentification/CAS/docs/api examples.html
2010.01.15 08:52 B D:\Mes documents\Temp\free\Authentification\CAS\docs\api\files.html <-- FREE /formagri_2605/Authentification/CAS/docs/api files.html
2010.01.15 08:52 B D:\Mes documents\Temp\free\Authentification\CAS\docs\api\french_8php-source.html <-- FREE /formagri_2605/Authentification/CAS/docs/api french_8php-source.html
2010.01.15 08:52 B D:\Mes documents\Temp\free\Authentification\CAS\docs\api\french_8php.html <-- FREE /formagri_2605/Authentification/CAS/docs/api french_8php.html
2010.01.15 08:52 B D:\Mes documents\Temp\free\Authentification\CAS\docs\api\functions.html <-- FREE /formagri_2605/Authentification/CAS/docs/api functions.html
2010.01.15 08:52 B D:\Mes documents\Temp\free\Authentification\CAS\docs\api\functions_func.html <-- FREE /formagri_2605/Authentification/CAS/docs/api functions_func.html
2010.01.15 08:52 B D:\Mes documents\Temp\free\Authentification\CAS\docs\api\functions_vars.html <-- FREE /formagri_2605/Authentification/CAS/docs/api functions_vars.html
2010.01.15 08:52 B D:\Mes documents\Temp\free\Authentification\CAS\docs\api\globals.html <-- FREE /formagri_2605/Authentification/CAS/docs/api globals.html
2010.01.15 08:52 B D:\Mes documents\Temp\free\Authentification\CAS\docs\api\globals_enum.html <-- FREE /formagri_2605/Authentification/CAS/docs/api globals_enum.html
2010.01.15 08:52 B D:\Mes documents\Temp\free\Authentification\CAS\docs\api\globals_func.html <-- FREE /formagri_2605/Authentification/CAS/docs/api globals_func.html
2010.01.15 08:52 B D:\Mes documents\Temp\free\Authentification\CAS\docs\api\globals_vars.html <-- FREE /formagri_2605/Authentification/CAS/docs/api globals_vars.html
2010.01.15 08:52 B D:\Mes documents\Temp\free\Authentification\CAS\docs\api\greek_8php-source.html <-- FREE /formagri_2605/Authentification/CAS/docs/api greek_8php-source.html
2010.01.15 08:52 B D:\Mes documents\Temp\free\Authentification\CAS\docs\api\greek_8php.html <-- FREE /formagri_2605/Authentification/CAS/docs/api greek_8php.html
2010.01.15 08:52 B D:\Mes documents\Temp\free\Authentification\CAS\docs\api\group__internal.html <-- FREE /formagri_2605/Authentification/CAS/docs/api group__internal.html
2010.01.15 08:52 B D:\Mes documents\Temp\free\Authentification\CAS\docs\api\group__internalAuthentication.html <-- FREE /formagri_2605/Authentification/CAS/docs/api group__internalAuthentication.html
2010.01.15 08:52 B D:\Mes documents\Temp\free\Authentification\CAS\docs\api\group__internalBasic.html <-- FREE /formagri_2605/Authentification/CAS/docs/api group__internalBasic.html
2010.01.15 08:52 B D:\Mes documents\Temp\free\Authentification\CAS\docs\api\group__internalCallback.html <-- FREE /formagri_2605/Authentification/CAS/docs/api group__internalCallback.html
2010.01.15 08:52 B D:\Mes documents\Temp\free\Authentification\CAS\docs\api\group__internalConfig.html <-- FREE /formagri_2605/Authentification/CAS/docs/api group__internalConfig.html
2010.01.15 08:52 B D:\Mes documents\Temp\free\Authentification\CAS\docs\api\group__internalDebug.html <-- FREE /formagri_2605/Authentification/CAS/docs/api group__internalDebug.html
2010.01.15 08:52 B D:\Mes documents\Temp\free\Authentification\CAS\docs\api\group__internalLang.html <-- FREE /formagri_2605/Authentification/CAS/docs/api group__internalLang.html
2010.01.15 08:52 B D:\Mes documents\Temp\free\Authentification\CAS\docs\api\group__internalMisc.html <-- FREE /formagri_2605/Authentification/CAS/docs/api group__internalMisc.html
2010.01.15 08:53 B D:\Mes documents\Temp\free\Authentification\CAS\docs\api\group__internalOutput.html <-- FREE /formagri_2605/Authentification/CAS/docs/api group__internalOutput.html
2010.01.15 08:53 B D:\Mes documents\Temp\free\Authentification\CAS\docs\api\group__internalPGTStorage.html <-- FREE /formagri_2605/Authentification/CAS/docs/api group__internalPGTStorage.html
2010.01.15 08:53 B D:\Mes documents\Temp\free\Authentification\CAS\docs\api\group__internalPGTStorageDB.html <-- FREE /formagri_2605/Authentification/CAS/docs/api group__internalPGTStorageDB.html
2010.01.15 08:53 B D:\Mes documents\Temp\free\Authentification\CAS\docs\api\group__internalPGTStorageFile.html <-- FREE /formagri_2605/Authentification/CAS/docs/api group__internalPGTStorageFile.html
2010.01.15 08:53 B D:\Mes documents\Temp\free\Authentification\CAS\docs\api\group__internalProxied.html <-- FREE /formagri_2605/Authentification/CAS/docs/api group__internalProxied.html
2010.01.15 08:53 B D:\Mes documents\Temp\free\Authentification\CAS\docs\api\group__internalProxy.html <-- FREE /formagri_2605/Authentification/CAS/docs/api group__internalProxy.html
2010.01.15 08:53 B D:\Mes documents\Temp\free\Authentification\CAS\docs\api\group__public.html <-- FREE /formagri_2605/Authentification/CAS/docs/api group__public.html
2010.01.15 08:53 B D:\Mes documents\Temp\free\Authentification\CAS\docs\api\group__publicAuth.html <-- FREE /formagri_2605/Authentification/CAS/docs/api group__publicAuth.html
2010.01.15 08:53 B D:\Mes documents\Temp\free\Authentification\CAS\docs\api\group__publicConfig.html <-- FREE /formagri_2605/Authentification/CAS/docs/api group__publicConfig.html
2010.01.15 08:53 B D:\Mes documents\Temp\free\Authentification\CAS\docs\api\group__publicDebug.html <-- FREE /formagri_2605/Authentification/CAS/docs/api group__publicDebug.html
2010.01.15 08:53 B D:\Mes documents\Temp\free\Authentification\CAS\docs\api\group__publicInit.html <-- FREE /formagri_2605/Authentification/CAS/docs/api group__publicInit.html
2010.01.15 08:53 B D:\Mes documents\Temp\free\Authentification\CAS\docs\api\group__publicLang.html <-- FREE /formagri_2605/Authentification/CAS/docs/api group__publicLang.html
2010.01.15 08:53 B D:\Mes documents\Temp\free\Authentification\CAS\docs\api\group__publicOutput.html <-- FREE /formagri_2605/Authentification/CAS/docs/api group__publicOutput.html
2010.01.15 08:53 B D:\Mes documents\Temp\free\Authentification\CAS\docs\api\group__publicPGTStorage.html <-- FREE /formagri_2605/Authentification/CAS/docs/api group__publicPGTStorage.html
2010.01.15 08:53 B D:\Mes documents\Temp\free\Authentification\CAS\docs\api\group__publicServices.html <-- FREE /formagri_2605/Authentification/CAS/docs/api group__publicServices.html
2010.01.15 08:53 B D:\Mes documents\Temp\free\Authentification\CAS\docs\api\hierarchy.html <-- FREE /formagri_2605/Authentification/CAS/docs/api hierarchy.html
2010.01.15 08:53 B D:\Mes documents\Temp\free\Authentification\CAS\docs\api\index.html <-- FREE /formagri_2605/Authentification/CAS/docs/api index.html
2010.01.15 08:53 B D:\Mes documents\Temp\free\Authentification\CAS\docs\api\languages_8php-source.html <-- FREE /formagri_2605/Authentification/CAS/docs/api languages_8php-source.html
2010.01.15 08:53 B D:\Mes documents\Temp\free\Authentification\CAS\docs\api\languages_8php.html <-- FREE /formagri_2605/Authentification/CAS/docs/api languages_8php.html
2010.01.15 08:53 B D:\Mes documents\Temp\free\Authentification\CAS\docs\api\modules.html <-- FREE /formagri_2605/Authentification/CAS/docs/api modules.html
2010.01.15 08:53 B D:\Mes documents\Temp\free\Authentification\CAS\docs\api\pages.html <-- FREE /formagri_2605/Authentification/CAS/docs/api pages.html
2010.01.15 08:53 B D:\Mes documents\Temp\free\Authentification\CAS\docs\api\pgt-db_8php-source.html <-- FREE /formagri_2605/Authentification/CAS/docs/api pgt-db_8php-source.html
2010.01.15 08:53 B D:\Mes documents\Temp\free\Authentification\CAS\docs\api\pgt-db_8php.html <-- FREE /formagri_2605/Authentification/CAS/docs/api pgt-db_8php.html
2010.01.15 08:53 B D:\Mes documents\Temp\free\Authentification\CAS\docs\api\pgt-file_8php-source.html <-- FREE /formagri_2605/Authentification/CAS/docs/api pgt-file_8php-source.html
2010.01.15 08:53 B D:\Mes documents\Temp\free\Authentification\CAS\docs\api\pgt-file_8php.html <-- FREE /formagri_2605/Authentification/CAS/docs/api pgt-file_8php.html
2010.01.15 08:53 B D:\Mes documents\Temp\free\Authentification\CAS\docs\api\pgt-main_8php-source.html <-- FREE /formagri_2605/Authentification/CAS/docs/api pgt-main_8php-source.html
2010.01.15 08:53 B D:\Mes documents\Temp\free\Authentification\CAS\docs\api\pgt-main_8php.html <-- FREE /formagri_2605/Authentification/CAS/docs/api pgt-main_8php.html
