2010.01.15 08:55 B D:\Mes documents\Temp\free\fckeditor\editor\lang\ar.js <-- FREE /formagri_2605/fckeditor/editor/lang ar.js
2010.01.15 08:55 B D:\Mes documents\Temp\free\fckeditor\editor\lang\bg.js <-- FREE /formagri_2605/fckeditor/editor/lang bg.js
2010.01.15 08:55 B D:\Mes documents\Temp\free\fckeditor\editor\lang\bs.js <-- FREE /formagri_2605/fckeditor/editor/lang bs.js
2010.01.15 08:55 B D:\Mes documents\Temp\free\fckeditor\editor\lang\ca.js <-- FREE /formagri_2605/fckeditor/editor/lang ca.js
2010.01.15 08:55 B D:\Mes documents\Temp\free\fckeditor\editor\lang\cs.js <-- FREE /formagri_2605/fckeditor/editor/lang cs.js
2010.01.15 08:55 B D:\Mes documents\Temp\free\fckeditor\editor\lang\da.js <-- FREE /formagri_2605/fckeditor/editor/lang da.js
2010.01.15 08:55 B D:\Mes documents\Temp\free\fckeditor\editor\lang\de.js <-- FREE /formagri_2605/fckeditor/editor/lang de.js
2010.01.15 08:55 B D:\Mes documents\Temp\free\fckeditor\editor\lang\en.js <-- FREE /formagri_2605/fckeditor/editor/lang en.js
2010.01.15 08:55 B D:\Mes documents\Temp\free\fckeditor\editor\lang\eo.js <-- FREE /formagri_2605/fckeditor/editor/lang eo.js
2010.01.15 08:55 B D:\Mes documents\Temp\free\fckeditor\editor\lang\es.js <-- FREE /formagri_2605/fckeditor/editor/lang es.js
2010.01.15 08:55 B D:\Mes documents\Temp\free\fckeditor\editor\lang\et.js <-- FREE /formagri_2605/fckeditor/editor/lang et.js
2010.01.15 08:55 B D:\Mes documents\Temp\free\fckeditor\editor\lang\fa.js <-- FREE /formagri_2605/fckeditor/editor/lang fa.js
2010.01.15 08:55 B D:\Mes documents\Temp\free\fckeditor\editor\lang\fcklanguagemanager.js <-- FREE /formagri_2605/fckeditor/editor/lang fcklanguagemanager.js
2010.01.15 08:55 B D:\Mes documents\Temp\free\fckeditor\editor\lang\fi.js <-- FREE /formagri_2605/fckeditor/editor/lang fi.js
2010.01.15 08:56 B D:\Mes documents\Temp\free\fckeditor\editor\lang\fr.js <-- FREE /formagri_2605/fckeditor/editor/lang fr.js
2010.01.15 08:56 B D:\Mes documents\Temp\free\fckeditor\editor\lang\gl.js <-- FREE /formagri_2605/fckeditor/editor/lang gl.js
2010.01.15 08:56 B D:\Mes documents\Temp\free\fckeditor\editor\lang\gr.js <-- FREE /formagri_2605/fckeditor/editor/lang gr.js
2010.01.15 08:56 B D:\Mes documents\Temp\free\fckeditor\editor\lang\he.js <-- FREE /formagri_2605/fckeditor/editor/lang he.js
2010.01.15 08:56 B D:\Mes documents\Temp\free\fckeditor\editor\lang\hr.js <-- FREE /formagri_2605/fckeditor/editor/lang hr.js
2010.01.15 08:56 B D:\Mes documents\Temp\free\fckeditor\editor\lang\hu.js <-- FREE /formagri_2605/fckeditor/editor/lang hu.js
2010.01.15 08:56 B D:\Mes documents\Temp\free\fckeditor\editor\lang\it.js <-- FREE /formagri_2605/fckeditor/editor/lang it.js
2010.01.15 08:56 B D:\Mes documents\Temp\free\fckeditor\editor\lang\ja.js <-- FREE /formagri_2605/fckeditor/editor/lang ja.js
2010.01.15 08:56 B D:\Mes documents\Temp\free\fckeditor\editor\lang\ko.js <-- FREE /formagri_2605/fckeditor/editor/lang ko.js
2010.01.15 08:56 B D:\Mes documents\Temp\free\fckeditor\editor\lang\lt.js <-- FREE /formagri_2605/fckeditor/editor/lang lt.js
2010.01.15 08:56 B D:\Mes documents\Temp\free\fckeditor\editor\lang\nl.js <-- FREE /formagri_2605/fckeditor/editor/lang nl.js
2010.01.15 08:56 B D:\Mes documents\Temp\free\fckeditor\editor\lang\no.js <-- FREE /formagri_2605/fckeditor/editor/lang no.js
2010.01.15 08:56 B D:\Mes documents\Temp\free\fckeditor\editor\lang\pl.js <-- FREE /formagri_2605/fckeditor/editor/lang pl.js
2010.01.15 08:56 B D:\Mes documents\Temp\free\fckeditor\editor\lang\pt-br.js <-- FREE /formagri_2605/fckeditor/editor/lang pt-br.js
2010.01.15 08:56 B D:\Mes documents\Temp\free\fckeditor\editor\lang\pt.js <-- FREE /formagri_2605/fckeditor/editor/lang pt.js
2010.01.15 08:56 B D:\Mes documents\Temp\free\fckeditor\editor\lang\ro.js <-- FREE /formagri_2605/fckeditor/editor/lang ro.js
2010.01.15 08:56 B D:\Mes documents\Temp\free\fckeditor\editor\lang\ru.js <-- FREE /formagri_2605/fckeditor/editor/lang ru.js
2010.01.15 08:56 B D:\Mes documents\Temp\free\fckeditor\editor\lang\sk.js <-- FREE /formagri_2605/fckeditor/editor/lang sk.js
2010.01.15 08:56 B D:\Mes documents\Temp\free\fckeditor\editor\lang\sl.js <-- FREE /formagri_2605/fckeditor/editor/lang sl.js
2010.01.15 08:56 B D:\Mes documents\Temp\free\fckeditor\editor\lang\sr-latn.js <-- FREE /formagri_2605/fckeditor/editor/lang sr-latn.js
2010.01.15 08:56 B D:\Mes documents\Temp\free\fckeditor\editor\lang\sr.js <-- FREE /formagri_2605/fckeditor/editor/lang sr.js
2010.01.15 08:56 B D:\Mes documents\Temp\free\fckeditor\editor\lang\sv.js <-- FREE /formagri_2605/fckeditor/editor/lang sv.js
2010.01.15 08:56 B D:\Mes documents\Temp\free\fckeditor\editor\lang\th.js <-- FREE /formagri_2605/fckeditor/editor/lang th.js
2010.01.15 08:56 B D:\Mes documents\Temp\free\fckeditor\editor\lang\tr.js <-- FREE /formagri_2605/fckeditor/editor/lang tr.js
2010.01.15 08:56 B D:\Mes documents\Temp\free\fckeditor\editor\lang\zh-cn.js <-- FREE /formagri_2605/fckeditor/editor/lang zh-cn.js
2010.01.15 08:56 B D:\Mes documents\Temp\free\fckeditor\editor\lang\zh.js <-- FREE /formagri_2605/fckeditor/editor/lang zh.js
