2010.01.15 09:06 B D:\Mes documents\Temp\free\OutilsJs\images\bg_select.png <-- FREE /formagri_2605/OutilsJs/images bg_select.png
2010.01.15 09:06 B D:\Mes documents\Temp\free\OutilsJs\images\fond_titre_table.jpg <-- FREE /formagri_2605/OutilsJs/images fond_titre_table.jpg
2010.01.15 09:06 B D:\Mes documents\Temp\free\OutilsJs\images\image.gif <-- FREE /formagri_2605/OutilsJs/images image.gif
2010.01.15 09:06 B D:\Mes documents\Temp\free\OutilsJs\images\index.html <-- FREE /formagri_2605/OutilsJs/images index.html
2010.01.15 09:06 B D:\Mes documents\Temp\free\OutilsJs\images\loading.gif <-- FREE /formagri_2605/OutilsJs/images loading.gif
2010.01.15 09:06 B D:\Mes documents\Temp\free\OutilsJs\images\loupe.jpg <-- FREE /formagri_2605/OutilsJs/images loupe.jpg
2010.01.15 09:06 B D:\Mes documents\Temp\free\OutilsJs\images\ptiflech2d.gif <-- FREE /formagri_2605/OutilsJs/images ptiflech2d.gif
2010.01.15 09:06 B D:\Mes documents\Temp\free\OutilsJs\images\ptiflech2g.gif <-- FREE /formagri_2605/OutilsJs/images ptiflech2g.gif
2010.01.15 09:06 B D:\Mes documents\Temp\free\OutilsJs\images\ptiflechd.gif <-- FREE /formagri_2605/OutilsJs/images ptiflechd.gif
2010.01.15 09:06 B D:\Mes documents\Temp\free\OutilsJs\images\ptiflechg.gif <-- FREE /formagri_2605/OutilsJs/images ptiflechg.gif
2010.01.15 09:06 B D:\Mes documents\Temp\free\OutilsJs\images\search.gif <-- FREE /formagri_2605/OutilsJs/images search.gif
2010.01.15 09:06 B D:\Mes documents\Temp\free\OutilsJs\images\window_bottom_end.png <-- FREE /formagri_2605/OutilsJs/images window_bottom_end.png
2010.01.15 09:06 B D:\Mes documents\Temp\free\OutilsJs\images\window_bottom_end1.png <-- FREE /formagri_2605/OutilsJs/images window_bottom_end1.png
2010.01.15 09:06 B D:\Mes documents\Temp\free\OutilsJs\images\window_bottom_start.png <-- FREE /formagri_2605/OutilsJs/images window_bottom_start.png
2010.01.15 09:06 B D:\Mes documents\Temp\free\OutilsJs\images\window_bottom_start1.png <-- FREE /formagri_2605/OutilsJs/images window_bottom_start1.png
2010.01.15 09:06 B D:\Mes documents\Temp\free\OutilsJs\images\window_close.jpg <-- FREE /formagri_2605/OutilsJs/images window_close.jpg
2010.01.15 09:06 B D:\Mes documents\Temp\free\OutilsJs\images\window_close1.jpg <-- FREE /formagri_2605/OutilsJs/images window_close1.jpg
2010.01.15 09:06 B D:\Mes documents\Temp\free\OutilsJs\images\window_max.jpg <-- FREE /formagri_2605/OutilsJs/images window_max.jpg
2010.01.15 09:06 B D:\Mes documents\Temp\free\OutilsJs\images\window_max1.jpg <-- FREE /formagri_2605/OutilsJs/images window_max1.jpg
2010.01.15 09:06 B D:\Mes documents\Temp\free\OutilsJs\images\window_min.jpg <-- FREE /formagri_2605/OutilsJs/images window_min.jpg
2010.01.15 09:06 B D:\Mes documents\Temp\free\OutilsJs\images\window_min1.jpg <-- FREE /formagri_2605/OutilsJs/images window_min1.jpg
2010.01.15 09:06 B D:\Mes documents\Temp\free\OutilsJs\images\window_resize.gif <-- FREE /formagri_2605/OutilsJs/images window_resize.gif
2010.01.15 09:06 B D:\Mes documents\Temp\free\OutilsJs\images\window_top_end.png <-- FREE /formagri_2605/OutilsJs/images window_top_end.png
2010.01.15 09:06 B D:\Mes documents\Temp\free\OutilsJs\images\window_top_end1.png <-- FREE /formagri_2605/OutilsJs/images window_top_end1.png
2010.01.15 09:06 B D:\Mes documents\Temp\free\OutilsJs\images\window_top_end2.png <-- FREE /formagri_2605/OutilsJs/images window_top_end2.png
2010.01.15 09:06 B D:\Mes documents\Temp\free\OutilsJs\images\window_top_start.png <-- FREE /formagri_2605/OutilsJs/images window_top_start.png
2010.01.15 09:06 B D:\Mes documents\Temp\free\OutilsJs\images\window_top_start1.png <-- FREE /formagri_2605/OutilsJs/images window_top_start1.png
