2010.01.15 08:55 B D:\Mes documents\Temp\free\fckeditor\editor\filemanager\browser\default\images\icons\ai.gif <-- FREE /formagri_2605/fckeditor/editor/filemanager/browser/default/images/icons ai.gif
2010.01.15 08:55 B D:\Mes documents\Temp\free\fckeditor\editor\filemanager\browser\default\images\icons\avi.gif <-- FREE /formagri_2605/fckeditor/editor/filemanager/browser/default/images/icons avi.gif
2010.01.15 08:55 B D:\Mes documents\Temp\free\fckeditor\editor\filemanager\browser\default\images\icons\bmp.gif <-- FREE /formagri_2605/fckeditor/editor/filemanager/browser/default/images/icons bmp.gif
2010.01.15 08:55 B D:\Mes documents\Temp\free\fckeditor\editor\filemanager\browser\default\images\icons\cs.gif <-- FREE /formagri_2605/fckeditor/editor/filemanager/browser/default/images/icons cs.gif
2010.01.15 08:55 B D:\Mes documents\Temp\free\fckeditor\editor\filemanager\browser\default\images\icons\default.icon.gif <-- FREE /formagri_2605/fckeditor/editor/filemanager/browser/default/images/icons default.icon.gif
2010.01.15 08:55 B D:\Mes documents\Temp\free\fckeditor\editor\filemanager\browser\default\images\icons\dll.gif <-- FREE /formagri_2605/fckeditor/editor/filemanager/browser/default/images/icons dll.gif
2010.01.15 08:55 B D:\Mes documents\Temp\free\fckeditor\editor\filemanager\browser\default\images\icons\doc.gif <-- FREE /formagri_2605/fckeditor/editor/filemanager/browser/default/images/icons doc.gif
2010.01.15 08:55 B D:\Mes documents\Temp\free\fckeditor\editor\filemanager\browser\default\images\icons\exe.gif <-- FREE /formagri_2605/fckeditor/editor/filemanager/browser/default/images/icons exe.gif
2010.01.15 08:55 B D:\Mes documents\Temp\free\fckeditor\editor\filemanager\browser\default\images\icons\fla.gif <-- FREE /formagri_2605/fckeditor/editor/filemanager/browser/default/images/icons fla.gif
2010.01.15 08:55 B D:\Mes documents\Temp\free\fckeditor\editor\filemanager\browser\default\images\icons\gif.gif <-- FREE /formagri_2605/fckeditor/editor/filemanager/browser/default/images/icons gif.gif
2010.01.15 08:55 B D:\Mes documents\Temp\free\fckeditor\editor\filemanager\browser\default\images\icons\htm.gif <-- FREE /formagri_2605/fckeditor/editor/filemanager/browser/default/images/icons htm.gif
2010.01.15 08:55 B D:\Mes documents\Temp\free\fckeditor\editor\filemanager\browser\default\images\icons\html.gif <-- FREE /formagri_2605/fckeditor/editor/filemanager/browser/default/images/icons html.gif
2010.01.15 08:55 B D:\Mes documents\Temp\free\fckeditor\editor\filemanager\browser\default\images\icons\jpg.gif <-- FREE /formagri_2605/fckeditor/editor/filemanager/browser/default/images/icons jpg.gif
2010.01.15 08:55 B D:\Mes documents\Temp\free\fckeditor\editor\filemanager\browser\default\images\icons\js.gif <-- FREE /formagri_2605/fckeditor/editor/filemanager/browser/default/images/icons js.gif
2010.01.15 08:55 B D:\Mes documents\Temp\free\fckeditor\editor\filemanager\browser\default\images\icons\mdb.gif <-- FREE /formagri_2605/fckeditor/editor/filemanager/browser/default/images/icons mdb.gif
2010.01.15 08:55 B D:\Mes documents\Temp\free\fckeditor\editor\filemanager\browser\default\images\icons\mp3.gif <-- FREE /formagri_2605/fckeditor/editor/filemanager/browser/default/images/icons mp3.gif
2010.01.15 08:55 B D:\Mes documents\Temp\free\fckeditor\editor\filemanager\browser\default\images\icons\pdf.gif <-- FREE /formagri_2605/fckeditor/editor/filemanager/browser/default/images/icons pdf.gif
2010.01.15 08:55 B D:\Mes documents\Temp\free\fckeditor\editor\filemanager\browser\default\images\icons\ppt.gif <-- FREE /formagri_2605/fckeditor/editor/filemanager/browser/default/images/icons ppt.gif
2010.01.15 08:55 B D:\Mes documents\Temp\free\fckeditor\editor\filemanager\browser\default\images\icons\rdp.gif <-- FREE /formagri_2605/fckeditor/editor/filemanager/browser/default/images/icons rdp.gif
2010.01.15 08:55 B D:\Mes documents\Temp\free\fckeditor\editor\filemanager\browser\default\images\icons\swf.gif <-- FREE /formagri_2605/fckeditor/editor/filemanager/browser/default/images/icons swf.gif
2010.01.15 08:55 B D:\Mes documents\Temp\free\fckeditor\editor\filemanager\browser\default\images\icons\swt.gif <-- FREE /formagri_2605/fckeditor/editor/filemanager/browser/default/images/icons swt.gif
2010.01.15 08:55 B D:\Mes documents\Temp\free\fckeditor\editor\filemanager\browser\default\images\icons\txt.gif <-- FREE /formagri_2605/fckeditor/editor/filemanager/browser/default/images/icons txt.gif
2010.01.15 08:55 B D:\Mes documents\Temp\free\fckeditor\editor\filemanager\browser\default\images\icons\vsd.gif <-- FREE /formagri_2605/fckeditor/editor/filemanager/browser/default/images/icons vsd.gif
2010.01.15 08:55 B D:\Mes documents\Temp\free\fckeditor\editor\filemanager\browser\default\images\icons\xls.gif <-- FREE /formagri_2605/fckeditor/editor/filemanager/browser/default/images/icons xls.gif
2010.01.15 08:55 B D:\Mes documents\Temp\free\fckeditor\editor\filemanager\browser\default\images\icons\xml.gif <-- FREE /formagri_2605/fckeditor/editor/filemanager/browser/default/images/icons xml.gif
2010.01.15 08:55 B D:\Mes documents\Temp\free\fckeditor\editor\filemanager\browser\default\images\icons\zip.gif <-- FREE /formagri_2605/fckeditor/editor/filemanager/browser/default/images/icons zip.gif
