2010.01.15 08:55 B D:\Mes documents\Temp\free\fckeditor\editor\images\smiley\fun\aiua.gif <-- FREE /formagri_2605/fckeditor/editor/images/smiley/fun aiua.gif
2010.01.15 08:55 B D:\Mes documents\Temp\free\fckeditor\editor\images\smiley\fun\ak.gif <-- FREE /formagri_2605/fckeditor/editor/images/smiley/fun ak.gif
2010.01.15 08:55 B D:\Mes documents\Temp\free\fckeditor\editor\images\smiley\fun\alien.gif <-- FREE /formagri_2605/fckeditor/editor/images/smiley/fun alien.gif
2010.01.15 08:55 B D:\Mes documents\Temp\free\fckeditor\editor\images\smiley\fun\alien2.gif <-- FREE /formagri_2605/fckeditor/editor/images/smiley/fun alien2.gif
2010.01.15 08:55 B D:\Mes documents\Temp\free\fckeditor\editor\images\smiley\fun\angry.gif <-- FREE /formagri_2605/fckeditor/editor/images/smiley/fun angry.gif
2010.01.15 08:55 B D:\Mes documents\Temp\free\fckeditor\editor\images\smiley\fun\angry1.gif <-- FREE /formagri_2605/fckeditor/editor/images/smiley/fun angry1.gif
2010.01.15 08:55 B D:\Mes documents\Temp\free\fckeditor\editor\images\smiley\fun\apophys.gif <-- FREE /formagri_2605/fckeditor/editor/images/smiley/fun apophys.gif
2010.01.15 08:55 B D:\Mes documents\Temp\free\fckeditor\editor\images\smiley\fun\assjani.gif <-- FREE /formagri_2605/fckeditor/editor/images/smiley/fun assjani.gif
2010.01.15 08:55 B D:\Mes documents\Temp\free\fckeditor\editor\images\smiley\fun\asthanos.gif <-- FREE /formagri_2605/fckeditor/editor/images/smiley/fun asthanos.gif
2010.01.15 08:55 B D:\Mes documents\Temp\free\fckeditor\editor\images\smiley\fun\bazuzeus.gif <-- FREE /formagri_2605/fckeditor/editor/images/smiley/fun bazuzeus.gif
2010.01.15 08:55 B D:\Mes documents\Temp\free\fckeditor\editor\images\smiley\fun\beaute.gif <-- FREE /formagri_2605/fckeditor/editor/images/smiley/fun beaute.gif
2010.01.15 08:55 B D:\Mes documents\Temp\free\fckeditor\editor\images\smiley\fun\bigsmile.gif <-- FREE /formagri_2605/fckeditor/editor/images/smiley/fun bigsmile.gif
2010.01.15 08:55 B D:\Mes documents\Temp\free\fckeditor\editor\images\smiley\fun\blush.gif <-- FREE /formagri_2605/fckeditor/editor/images/smiley/fun blush.gif
2010.01.15 08:55 B D:\Mes documents\Temp\free\fckeditor\editor\images\smiley\fun\boid.gif <-- FREE /formagri_2605/fckeditor/editor/images/smiley/fun boid.gif
2010.01.15 08:55 B D:\Mes documents\Temp\free\fckeditor\editor\images\smiley\fun\bonk.gif <-- FREE /formagri_2605/fckeditor/editor/images/smiley/fun bonk.gif
2010.01.15 08:55 B D:\Mes documents\Temp\free\fckeditor\editor\images\smiley\fun\bored.gif <-- FREE /formagri_2605/fckeditor/editor/images/smiley/fun bored.gif
2010.01.15 08:55 B D:\Mes documents\Temp\free\fckeditor\editor\images\smiley\fun\borg.gif <-- FREE /formagri_2605/fckeditor/editor/images/smiley/fun borg.gif
2010.01.15 08:55 B D:\Mes documents\Temp\free\fckeditor\editor\images\smiley\fun\capo.gif <-- FREE /formagri_2605/fckeditor/editor/images/smiley/fun capo.gif
2010.01.15 08:55 B D:\Mes documents\Temp\free\fckeditor\editor\images\smiley\fun\confused.gif <-- FREE /formagri_2605/fckeditor/editor/images/smiley/fun confused.gif
2010.01.15 08:55 B D:\Mes documents\Temp\free\fckeditor\editor\images\smiley\fun\cool.gif <-- FREE /formagri_2605/fckeditor/editor/images/smiley/fun cool.gif
2010.01.15 08:55 B D:\Mes documents\Temp\free\fckeditor\editor\images\smiley\fun\crazy.gif <-- FREE /formagri_2605/fckeditor/editor/images/smiley/fun crazy.gif
2010.01.15 08:55 B D:\Mes documents\Temp\free\fckeditor\editor\images\smiley\fun\cwm14.gif <-- FREE /formagri_2605/fckeditor/editor/images/smiley/fun cwm14.gif
2010.01.15 08:55 B D:\Mes documents\Temp\free\fckeditor\editor\images\smiley\fun\demis_roussos.gif <-- FREE /formagri_2605/fckeditor/editor/images/smiley/fun demis_roussos.gif
2010.01.15 08:55 B D:\Mes documents\Temp\free\fckeditor\editor\images\smiley\fun\devil.gif <-- FREE /formagri_2605/fckeditor/editor/images/smiley/fun devil.gif
2010.01.15 08:55 B D:\Mes documents\Temp\free\fckeditor\editor\images\smiley\fun\devil2.gif <-- FREE /formagri_2605/fckeditor/editor/images/smiley/fun devil2.gif
2010.01.15 08:55 B D:\Mes documents\Temp\free\fckeditor\editor\images\smiley\fun\double0smile.gif <-- FREE /formagri_2605/fckeditor/editor/images/smiley/fun double0smile.gif
2010.01.15 08:55 B D:\Mes documents\Temp\free\fckeditor\editor\images\smiley\fun\eek3.gif <-- FREE /formagri_2605/fckeditor/editor/images/smiley/fun eek3.gif
2010.01.15 08:55 B D:\Mes documents\Temp\free\fckeditor\editor\images\smiley\fun\eltaf.gif <-- FREE /formagri_2605/fckeditor/editor/images/smiley/fun eltaf.gif
2010.01.15 08:55 B D:\Mes documents\Temp\free\fckeditor\editor\images\smiley\fun\gele.gif <-- FREE /formagri_2605/fckeditor/editor/images/smiley/fun gele.gif
2010.01.15 08:55 B D:\Mes documents\Temp\free\fckeditor\editor\images\smiley\fun\halm.gif <-- FREE /formagri_2605/fckeditor/editor/images/smiley/fun halm.gif
2010.01.15 08:55 B D:\Mes documents\Temp\free\fckeditor\editor\images\smiley\fun\happy.gif <-- FREE /formagri_2605/fckeditor/editor/images/smiley/fun happy.gif
2010.01.15 08:55 B D:\Mes documents\Temp\free\fckeditor\editor\images\smiley\fun\icon12.gif <-- FREE /formagri_2605/fckeditor/editor/images/smiley/fun icon12.gif
2010.01.15 08:55 B D:\Mes documents\Temp\free\fckeditor\editor\images\smiley\fun\icon23.gif <-- FREE /formagri_2605/fckeditor/editor/images/smiley/fun icon23.gif
2010.01.15 08:55 B D:\Mes documents\Temp\free\fckeditor\editor\images\smiley\fun\icon26.gif <-- FREE /formagri_2605/fckeditor/editor/images/smiley/fun icon26.gif
2010.01.15 08:55 B D:\Mes documents\Temp\free\fckeditor\editor\images\smiley\fun\icon_angel.gif <-- FREE /formagri_2605/fckeditor/editor/images/smiley/fun icon_angel.gif
2010.01.15 08:55 B D:\Mes documents\Temp\free\fckeditor\editor\images\smiley\fun\icon_bandit.gif <-- FREE /formagri_2605/fckeditor/editor/images/smiley/fun icon_bandit.gif
2010.01.15 08:55 B D:\Mes documents\Temp\free\fckeditor\editor\images\smiley\fun\icon_bravo.gif <-- FREE /formagri_2605/fckeditor/editor/images/smiley/fun icon_bravo.gif
2010.01.15 08:55 B D:\Mes documents\Temp\free\fckeditor\editor\images\smiley\fun\icon_clown.gif <-- FREE /formagri_2605/fckeditor/editor/images/smiley/fun icon_clown.gif
2010.01.15 08:55 B D:\Mes documents\Temp\free\fckeditor\editor\images\smiley\fun\jesors.gif <-- FREE /formagri_2605/fckeditor/editor/images/smiley/fun jesors.gif
2010.01.15 08:55 B D:\Mes documents\Temp\free\fckeditor\editor\images\smiley\fun\jesors1.gif <-- FREE /formagri_2605/fckeditor/editor/images/smiley/fun jesors1.gif
2010.01.15 08:55 B D:\Mes documents\Temp\free\fckeditor\editor\images\smiley\fun\lol3.gif <-- FREE /formagri_2605/fckeditor/editor/images/smiley/fun lol3.gif
2010.01.15 08:55 B D:\Mes documents\Temp\free\fckeditor\editor\images\smiley\fun\love.gif <-- FREE /formagri_2605/fckeditor/editor/images/smiley/fun love.gif
2010.01.15 08:55 B D:\Mes documents\Temp\free\fckeditor\editor\images\smiley\fun\mad.gif <-- FREE /formagri_2605/fckeditor/editor/images/smiley/fun mad.gif
2010.01.15 08:55 B D:\Mes documents\Temp\free\fckeditor\editor\images\smiley\fun\megaphone.gif <-- FREE /formagri_2605/fckeditor/editor/images/smiley/fun megaphone.gif
2010.01.15 08:55 B D:\Mes documents\Temp\free\fckeditor\editor\images\smiley\fun\mmm.gif <-- FREE /formagri_2605/fckeditor/editor/images/smiley/fun mmm.gif
2010.01.15 08:55 B D:\Mes documents\Temp\free\fckeditor\editor\images\smiley\fun\music.gif <-- FREE /formagri_2605/fckeditor/editor/images/smiley/fun music.gif
2010.01.15 08:55 B D:\Mes documents\Temp\free\fckeditor\editor\images\smiley\fun\notify.gif <-- FREE /formagri_2605/fckeditor/editor/images/smiley/fun notify.gif
2010.01.15 08:55 B D:\Mes documents\Temp\free\fckeditor\editor\images\smiley\fun\nuts.gif <-- FREE /formagri_2605/fckeditor/editor/images/smiley/fun nuts.gif
2010.01.15 08:55 B D:\Mes documents\Temp\free\fckeditor\editor\images\smiley\fun\obanon.gif <-- FREE /formagri_2605/fckeditor/editor/images/smiley/fun obanon.gif
2010.01.15 08:55 B D:\Mes documents\Temp\free\fckeditor\editor\images\smiley\fun\ouaip.gif <-- FREE /formagri_2605/fckeditor/editor/images/smiley/fun ouaip.gif
2010.01.15 08:55 B D:\Mes documents\Temp\free\fckeditor\editor\images\smiley\fun\pleure.gif <-- FREE /formagri_2605/fckeditor/editor/images/smiley/fun pleure.gif
2010.01.15 08:55 B D:\Mes documents\Temp\free\fckeditor\editor\images\smiley\fun\plugin.gif <-- FREE /formagri_2605/fckeditor/editor/images/smiley/fun plugin.gif
2010.01.15 08:55 B D:\Mes documents\Temp\free\fckeditor\editor\images\smiley\fun\question.gif <-- FREE /formagri_2605/fckeditor/editor/images/smiley/fun question.gif
2010.01.15 08:55 B D:\Mes documents\Temp\free\fckeditor\editor\images\smiley\fun\question2.gif <-- FREE /formagri_2605/fckeditor/editor/images/smiley/fun question2.gif
2010.01.15 08:55 B D:\Mes documents\Temp\free\fckeditor\editor\images\smiley\fun\rasta2.gif <-- FREE /formagri_2605/fckeditor/editor/images/smiley/fun rasta2.gif
2010.01.15 08:55 B D:\Mes documents\Temp\free\fckeditor\editor\images\smiley\fun\rastapop.gif <-- FREE /formagri_2605/fckeditor/editor/images/smiley/fun rastapop.gif
2010.01.15 08:55 B D:\Mes documents\Temp\free\fckeditor\editor\images\smiley\fun\rosebud.gif <-- FREE /formagri_2605/fckeditor/editor/images/smiley/fun rosebud.gif
2010.01.15 08:55 B D:\Mes documents\Temp\free\fckeditor\editor\images\smiley\fun\sad.gif <-- FREE /formagri_2605/fckeditor/editor/images/smiley/fun sad.gif
2010.01.15 08:55 B D:\Mes documents\Temp\free\fckeditor\editor\images\smiley\fun\sad2.gif <-- FREE /formagri_2605/fckeditor/editor/images/smiley/fun sad2.gif
2010.01.15 08:55 B D:\Mes documents\Temp\free\fckeditor\editor\images\smiley\fun\shocked.gif <-- FREE /formagri_2605/fckeditor/editor/images/smiley/fun shocked.gif
2010.01.15 08:55 B D:\Mes documents\Temp\free\fckeditor\editor\images\smiley\fun\sick.gif <-- FREE /formagri_2605/fckeditor/editor/images/smiley/fun sick.gif
2010.01.15 08:55 B D:\Mes documents\Temp\free\fckeditor\editor\images\smiley\fun\sick2.gif <-- FREE /formagri_2605/fckeditor/editor/images/smiley/fun sick2.gif
2010.01.15 08:55 B D:\Mes documents\Temp\free\fckeditor\editor\images\smiley\fun\slaap.gif <-- FREE /formagri_2605/fckeditor/editor/images/smiley/fun slaap.gif
2010.01.15 08:55 B D:\Mes documents\Temp\free\fckeditor\editor\images\smiley\fun\sleep.gif <-- FREE /formagri_2605/fckeditor/editor/images/smiley/fun sleep.gif
2010.01.15 08:55 B D:\Mes documents\Temp\free\fckeditor\editor\images\smiley\fun\smile.gif <-- FREE /formagri_2605/fckeditor/editor/images/smiley/fun smile.gif
2010.01.15 08:55 B D:\Mes documents\Temp\free\fckeditor\editor\images\smiley\fun\smiley_peur.gif <-- FREE /formagri_2605/fckeditor/editor/images/smiley/fun smiley_peur.gif
2010.01.15 08:55 B D:\Mes documents\Temp\free\fckeditor\editor\images\smiley\fun\sors.gif <-- FREE /formagri_2605/fckeditor/editor/images/smiley/fun sors.gif
2010.01.15 08:55 B D:\Mes documents\Temp\free\fckeditor\editor\images\smiley\fun\sovxx.gif <-- FREE /formagri_2605/fckeditor/editor/images/smiley/fun sovxx.gif
2010.01.15 08:55 B D:\Mes documents\Temp\free\fckeditor\editor\images\smiley\fun\spamafote.gif <-- FREE /formagri_2605/fckeditor/editor/images/smiley/fun spamafote.gif
2010.01.15 08:55 B D:\Mes documents\Temp\free\fckeditor\editor\images\smiley\fun\tap67.gif <-- FREE /formagri_2605/fckeditor/editor/images/smiley/fun tap67.gif
2010.01.15 08:55 B D:\Mes documents\Temp\free\fckeditor\editor\images\smiley\fun\thumbdown.gif <-- FREE /formagri_2605/fckeditor/editor/images/smiley/fun thumbdown.gif
2010.01.15 08:55 B D:\Mes documents\Temp\free\fckeditor\editor\images\smiley\fun\thumbup.gif <-- FREE /formagri_2605/fckeditor/editor/images/smiley/fun thumbup.gif
2010.01.15 08:55 B D:\Mes documents\Temp\free\fckeditor\editor\images\smiley\fun\tigi.gif <-- FREE /formagri_2605/fckeditor/editor/images/smiley/fun tigi.gif
2010.01.15 08:55 B D:\Mes documents\Temp\free\fckeditor\editor\images\smiley\fun\toad666.gif <-- FREE /formagri_2605/fckeditor/editor/images/smiley/fun toad666.gif
2010.01.15 08:55 B D:\Mes documents\Temp\free\fckeditor\editor\images\smiley\fun\tongue.gif <-- FREE /formagri_2605/fckeditor/editor/images/smiley/fun tongue.gif
2010.01.15 08:55 B D:\Mes documents\Temp\free\fckeditor\editor\images\smiley\fun\tuffgong.gif <-- FREE /formagri_2605/fckeditor/editor/images/smiley/fun tuffgong.gif
2010.01.15 08:55 B D:\Mes documents\Temp\free\fckeditor\editor\images\smiley\fun\urgeman.gif <-- FREE /formagri_2605/fckeditor/editor/images/smiley/fun urgeman.gif
2010.01.15 08:55 B D:\Mes documents\Temp\free\fckeditor\editor\images\smiley\fun\vanadium.gif <-- FREE /formagri_2605/fckeditor/editor/images/smiley/fun vanadium.gif
2010.01.15 08:55 B D:\Mes documents\Temp\free\fckeditor\editor\images\smiley\fun\wink.gif <-- FREE /formagri_2605/fckeditor/editor/images/smiley/fun wink.gif
2010.01.15 08:55 B D:\Mes documents\Temp\free\fckeditor\editor\images\smiley\fun\worship.gif <-- FREE /formagri_2605/fckeditor/editor/images/smiley/fun worship.gif
2010.01.15 08:55 B D:\Mes documents\Temp\free\fckeditor\editor\images\smiley\fun\wouaf.gif <-- FREE /formagri_2605/fckeditor/editor/images/smiley/fun wouaf.gif
2010.01.15 08:55 B D:\Mes documents\Temp\free\fckeditor\editor\images\smiley\fun\wow.gif <-- FREE /formagri_2605/fckeditor/editor/images/smiley/fun wow.gif
2010.01.15 08:55 B D:\Mes documents\Temp\free\fckeditor\editor\images\smiley\fun\xp1700.gif <-- FREE /formagri_2605/fckeditor/editor/images/smiley/fun xp1700.gif
2010.01.15 08:55 B D:\Mes documents\Temp\free\fckeditor\editor\images\smiley\fun\yltype.gif <-- FREE /formagri_2605/fckeditor/editor/images/smiley/fun yltype.gif
2010.01.15 08:55 B D:\Mes documents\Temp\free\fckeditor\editor\images\smiley\fun\yopyopyop.gif <-- FREE /formagri_2605/fckeditor/editor/images/smiley/fun yopyopyop.gif
2010.01.15 08:55 B D:\Mes documents\Temp\free\fckeditor\editor\images\smiley\fun\youpi.gif <-- FREE /formagri_2605/fckeditor/editor/images/smiley/fun youpi.gif
2010.01.15 08:55 B D:\Mes documents\Temp\free\fckeditor\editor\images\smiley\fun\zoor.gif <-- FREE /formagri_2605/fckeditor/editor/images/smiley/fun zoor.gif
