2010.01.15 08:54 B D:\Mes documents\Temp\free\fckeditor\editor\_source\internals\fck.js <-- FREE /formagri_2605/fckeditor/editor/_source/internals fck.js
2010.01.15 08:54 B D:\Mes documents\Temp\free\fckeditor\editor\_source\internals\fck_1.js <-- FREE /formagri_2605/fckeditor/editor/_source/internals fck_1.js
2010.01.15 08:54 B D:\Mes documents\Temp\free\fckeditor\editor\_source\internals\fck_1_gecko.js <-- FREE /formagri_2605/fckeditor/editor/_source/internals fck_1_gecko.js
2010.01.15 08:54 B D:\Mes documents\Temp\free\fckeditor\editor\_source\internals\fck_1_ie.js <-- FREE /formagri_2605/fckeditor/editor/_source/internals fck_1_ie.js
2010.01.15 08:54 B D:\Mes documents\Temp\free\fckeditor\editor\_source\internals\fck_2.js <-- FREE /formagri_2605/fckeditor/editor/_source/internals fck_2.js
2010.01.15 08:54 B D:\Mes documents\Temp\free\fckeditor\editor\_source\internals\fck_2_gecko.js <-- FREE /formagri_2605/fckeditor/editor/_source/internals fck_2_gecko.js
2010.01.15 08:54 B D:\Mes documents\Temp\free\fckeditor\editor\_source\internals\fck_2_ie.js <-- FREE /formagri_2605/fckeditor/editor/_source/internals fck_2_ie.js
2010.01.15 08:54 B D:\Mes documents\Temp\free\fckeditor\editor\_source\internals\fck_last.js <-- FREE /formagri_2605/fckeditor/editor/_source/internals fck_last.js
2010.01.15 08:54 B D:\Mes documents\Temp\free\fckeditor\editor\_source\internals\fck_onload.js <-- FREE /formagri_2605/fckeditor/editor/_source/internals fck_onload.js
2010.01.15 08:54 B D:\Mes documents\Temp\free\fckeditor\editor\_source\internals\fckbrowserinfo.js <-- FREE /formagri_2605/fckeditor/editor/_source/internals fckbrowserinfo.js
2010.01.15 08:54 B D:\Mes documents\Temp\free\fckeditor\editor\_source\internals\fckcodeformatter.js <-- FREE /formagri_2605/fckeditor/editor/_source/internals fckcodeformatter.js
2010.01.15 08:54 B D:\Mes documents\Temp\free\fckeditor\editor\_source\internals\fckcommands.js <-- FREE /formagri_2605/fckeditor/editor/_source/internals fckcommands.js
2010.01.15 08:54 B D:\Mes documents\Temp\free\fckeditor\editor\_source\internals\fckconfig.js <-- FREE /formagri_2605/fckeditor/editor/_source/internals fckconfig.js
2010.01.15 08:54 B D:\Mes documents\Temp\free\fckeditor\editor\_source\internals\fckcontextmenu.js <-- FREE /formagri_2605/fckeditor/editor/_source/internals fckcontextmenu.js
2010.01.15 08:54 B D:\Mes documents\Temp\free\fckeditor\editor\_source\internals\fckcontextmenu_gecko.js <-- FREE /formagri_2605/fckeditor/editor/_source/internals fckcontextmenu_gecko.js
2010.01.15 08:54 B D:\Mes documents\Temp\free\fckeditor\editor\_source\internals\fckcontextmenu_ie.js <-- FREE /formagri_2605/fckeditor/editor/_source/internals fckcontextmenu_ie.js
2010.01.15 08:54 B D:\Mes documents\Temp\free\fckeditor\editor\_source\internals\fckcoreextensions.js <-- FREE /formagri_2605/fckeditor/editor/_source/internals fckcoreextensions.js
2010.01.15 08:54 B D:\Mes documents\Temp\free\fckeditor\editor\_source\internals\fckdebug.js <-- FREE /formagri_2605/fckeditor/editor/_source/internals fckdebug.js
2010.01.15 08:54 B D:\Mes documents\Temp\free\fckeditor\editor\_source\internals\fckdialog.js <-- FREE /formagri_2605/fckeditor/editor/_source/internals fckdialog.js
2010.01.15 08:54 B D:\Mes documents\Temp\free\fckeditor\editor\_source\internals\fckdialog_gecko.js <-- FREE /formagri_2605/fckeditor/editor/_source/internals fckdialog_gecko.js
2010.01.15 08:54 B D:\Mes documents\Temp\free\fckeditor\editor\_source\internals\fckdialog_ie.js <-- FREE /formagri_2605/fckeditor/editor/_source/internals fckdialog_ie.js
2010.01.15 08:54 B D:\Mes documents\Temp\free\fckeditor\editor\_source\internals\fcklanguagemanager.js <-- FREE /formagri_2605/fckeditor/editor/_source/internals fcklanguagemanager.js
2010.01.15 08:54 B D:\Mes documents\Temp\free\fckeditor\editor\_source\internals\fckplugins.js <-- FREE /formagri_2605/fckeditor/editor/_source/internals fckplugins.js
2010.01.15 08:54 B D:\Mes documents\Temp\free\fckeditor\editor\_source\internals\fckregexlib.js <-- FREE /formagri_2605/fckeditor/editor/_source/internals fckregexlib.js
2010.01.15 08:54 B D:\Mes documents\Temp\free\fckeditor\editor\_source\internals\fckscriptloader.js <-- FREE /formagri_2605/fckeditor/editor/_source/internals fckscriptloader.js
2010.01.15 08:54 B D:\Mes documents\Temp\free\fckeditor\editor\_source\internals\fckselection.js <-- FREE /formagri_2605/fckeditor/editor/_source/internals fckselection.js
2010.01.15 08:54 B D:\Mes documents\Temp\free\fckeditor\editor\_source\internals\fckselection_gecko.js <-- FREE /formagri_2605/fckeditor/editor/_source/internals fckselection_gecko.js
2010.01.15 08:54 B D:\Mes documents\Temp\free\fckeditor\editor\_source\internals\fckselection_ie.js <-- FREE /formagri_2605/fckeditor/editor/_source/internals fckselection_ie.js
2010.01.15 08:54 B D:\Mes documents\Temp\free\fckeditor\editor\_source\internals\fcktablehandler.js <-- FREE /formagri_2605/fckeditor/editor/_source/internals fcktablehandler.js
2010.01.15 08:54 B D:\Mes documents\Temp\free\fckeditor\editor\_source\internals\fcktablehandler_gecko.js <-- FREE /formagri_2605/fckeditor/editor/_source/internals fcktablehandler_gecko.js
2010.01.15 08:54 B D:\Mes documents\Temp\free\fckeditor\editor\_source\internals\fcktablehandler_ie.js <-- FREE /formagri_2605/fckeditor/editor/_source/internals fcktablehandler_ie.js
2010.01.15 08:54 B D:\Mes documents\Temp\free\fckeditor\editor\_source\internals\fcktoolbaritems.js <-- FREE /formagri_2605/fckeditor/editor/_source/internals fcktoolbaritems.js
2010.01.15 08:54 B D:\Mes documents\Temp\free\fckeditor\editor\_source\internals\fcktoolbarset.js <-- FREE /formagri_2605/fckeditor/editor/_source/internals fcktoolbarset.js
2010.01.15 08:54 B D:\Mes documents\Temp\free\fckeditor\editor\_source\internals\fcktools.js <-- FREE /formagri_2605/fckeditor/editor/_source/internals fcktools.js
2010.01.15 08:54 B D:\Mes documents\Temp\free\fckeditor\editor\_source\internals\fcktools_gecko.js <-- FREE /formagri_2605/fckeditor/editor/_source/internals fcktools_gecko.js
2010.01.15 08:54 B D:\Mes documents\Temp\free\fckeditor\editor\_source\internals\fcktools_ie.js <-- FREE /formagri_2605/fckeditor/editor/_source/internals fcktools_ie.js
2010.01.15 08:54 B D:\Mes documents\Temp\free\fckeditor\editor\_source\internals\fckurlparams.js <-- FREE /formagri_2605/fckeditor/editor/_source/internals fckurlparams.js
2010.01.15 08:54 B D:\Mes documents\Temp\free\fckeditor\editor\_source\internals\fckxhtml.js <-- FREE /formagri_2605/fckeditor/editor/_source/internals fckxhtml.js
2010.01.15 08:54 B D:\Mes documents\Temp\free\fckeditor\editor\_source\internals\fckxhtml_gecko.js <-- FREE /formagri_2605/fckeditor/editor/_source/internals fckxhtml_gecko.js
2010.01.15 08:54 B D:\Mes documents\Temp\free\fckeditor\editor\_source\internals\fckxhtml_ie.js <-- FREE /formagri_2605/fckeditor/editor/_source/internals fckxhtml_ie.js
2010.01.15 08:54 B D:\Mes documents\Temp\free\fckeditor\editor\_source\internals\fckxhtmlentities.js <-- FREE /formagri_2605/fckeditor/editor/_source/internals fckxhtmlentities.js
