2010.01.15 08:58 B D:\Mes documents\Temp\free\forum\images\bas_d.gif <-- FREE /formagri_2605/forum/images bas_d.gif
2010.01.15 08:58 B D:\Mes documents\Temp\free\forum\images\bas_g.gif <-- FREE /formagri_2605/forum/images bas_g.gif
2010.01.15 08:58 B D:\Mes documents\Temp\free\forum\images\button.gif <-- FREE /formagri_2605/forum/images button.gif
2010.01.15 08:58 B D:\Mes documents\Temp\free\forum\images\c-invert.gif <-- FREE /formagri_2605/forum/images c-invert.gif
2010.01.15 08:58 B D:\Mes documents\Temp\free\forum\images\c.gif <-- FREE /formagri_2605/forum/images c.gif
2010.01.15 08:58 B D:\Mes documents\Temp\free\forum\images\cd.gif <-- FREE /formagri_2605/forum/images cd.gif
2010.01.15 08:58 B D:\Mes documents\Temp\free\forum\images\cg.gif <-- FREE /formagri_2605/forum/images cg.gif
2010.01.15 08:58 B D:\Mes documents\Temp\free\forum\images\coinbd.gif <-- FREE /formagri_2605/forum/images coinbd.gif
2010.01.15 08:58 B D:\Mes documents\Temp\free\forum\images\coinbg.gif <-- FREE /formagri_2605/forum/images coinbg.gif
2010.01.15 08:58 B D:\Mes documents\Temp\free\forum\images\coinhd.gif <-- FREE /formagri_2605/forum/images coinhd.gif
2010.01.15 08:58 B D:\Mes documents\Temp\free\forum\images\coinhg.gif <-- FREE /formagri_2605/forum/images coinhg.gif
2010.01.15 08:58 B D:\Mes documents\Temp\free\forum\images\fc-invert.gif <-- FREE /formagri_2605/forum/images fc-invert.gif
2010.01.15 08:58 B D:\Mes documents\Temp\free\forum\images\fc.gif <-- FREE /formagri_2605/forum/images fc.gif
2010.01.15 08:58 B D:\Mes documents\Temp\free\forum\images\flag.gif <-- FREE /formagri_2605/forum/images flag.gif
2010.01.15 08:58 B D:\Mes documents\Temp\free\forum\images\fn-invert.gif <-- FREE /formagri_2605/forum/images fn-invert.gif
2010.01.15 08:58 B D:\Mes documents\Temp\free\forum\images\fn.gif <-- FREE /formagri_2605/forum/images fn.gif
2010.01.15 08:58 B D:\Mes documents\Temp\free\forum\images\haut_d.gif <-- FREE /formagri_2605/forum/images haut_d.gif
2010.01.15 08:58 B D:\Mes documents\Temp\free\forum\images\haut_g.gif <-- FREE /formagri_2605/forum/images haut_g.gif
2010.01.15 08:58 B D:\Mes documents\Temp\free\forum\images\help.gif <-- FREE /formagri_2605/forum/images help.gif
2010.01.15 08:58 B D:\Mes documents\Temp\free\forum\images\i-invert.gif <-- FREE /formagri_2605/forum/images i-invert.gif
2010.01.15 08:58 B D:\Mes documents\Temp\free\forum\images\i.gif <-- FREE /formagri_2605/forum/images i.gif
2010.01.15 08:58 B D:\Mes documents\Temp\free\forum\images\image.gif <-- FREE /formagri_2605/forum/images image.gif
2010.01.15 08:58 B D:\Mes documents\Temp\free\forum\images\java.gif <-- FREE /formagri_2605/forum/images java.gif
2010.01.15 08:58 B D:\Mes documents\Temp\free\forum\images\l-invert.gif <-- FREE /formagri_2605/forum/images l-invert.gif
2010.01.15 08:58 B D:\Mes documents\Temp\free\forum\images\l.gif <-- FREE /formagri_2605/forum/images l.gif
2010.01.15 08:58 B D:\Mes documents\Temp\free\forum\images\l33t.gif <-- FREE /formagri_2605/forum/images l33t.gif
2010.01.15 08:58 B D:\Mes documents\Temp\free\forum\images\m-invert.gif <-- FREE /formagri_2605/forum/images m-invert.gif
2010.01.15 08:58 B D:\Mes documents\Temp\free\forum\images\m.gif <-- FREE /formagri_2605/forum/images m.gif
2010.01.15 08:58 B D:\Mes documents\Temp\free\forum\images\milieu.gif <-- FREE /formagri_2605/forum/images milieu.gif
2010.01.15 08:58 B D:\Mes documents\Temp\free\forum\images\n-invert.gif <-- FREE /formagri_2605/forum/images n-invert.gif
2010.01.15 08:58 B D:\Mes documents\Temp\free\forum\images\n.gif <-- FREE /formagri_2605/forum/images n.gif
2010.01.15 08:58 B D:\Mes documents\Temp\free\forum\images\p-invert.gif <-- FREE /formagri_2605/forum/images p-invert.gif
2010.01.15 08:58 B D:\Mes documents\Temp\free\forum\images\p.gif <-- FREE /formagri_2605/forum/images p.gif
2010.01.15 08:58 B D:\Mes documents\Temp\free\forum\images\phorum.gif <-- FREE /formagri_2605/forum/images phorum.gif
2010.01.15 08:58 B D:\Mes documents\Temp\free\forum\images\t-invert.gif <-- FREE /formagri_2605/forum/images t-invert.gif
2010.01.15 08:58 B D:\Mes documents\Temp\free\forum\images\t.gif <-- FREE /formagri_2605/forum/images t.gif
2010.01.15 08:58 B D:\Mes documents\Temp\free\forum\images\trans.gif <-- FREE /formagri_2605/forum/images trans.gif
