2010.01.15 08:54 B D:\Mes documents\Temp\free\fckeditor\editor\filemanager\browser\default\images\icons\32\ai.gif <-- FREE /formagri_2605/fckeditor/editor/filemanager/browser/default/images/icons/32 ai.gif
2010.01.15 08:54 B D:\Mes documents\Temp\free\fckeditor\editor\filemanager\browser\default\images\icons\32\avi.gif <-- FREE /formagri_2605/fckeditor/editor/filemanager/browser/default/images/icons/32 avi.gif
2010.01.15 08:54 B D:\Mes documents\Temp\free\fckeditor\editor\filemanager\browser\default\images\icons\32\bmp.gif <-- FREE /formagri_2605/fckeditor/editor/filemanager/browser/default/images/icons/32 bmp.gif
2010.01.15 08:54 B D:\Mes documents\Temp\free\fckeditor\editor\filemanager\browser\default\images\icons\32\cs.gif <-- FREE /formagri_2605/fckeditor/editor/filemanager/browser/default/images/icons/32 cs.gif
2010.01.15 08:54 B D:\Mes documents\Temp\free\fckeditor\editor\filemanager\browser\default\images\icons\32\default.icon.gif <-- FREE /formagri_2605/fckeditor/editor/filemanager/browser/default/images/icons/32 default.icon.gif
2010.01.15 08:54 B D:\Mes documents\Temp\free\fckeditor\editor\filemanager\browser\default\images\icons\32\dll.gif <-- FREE /formagri_2605/fckeditor/editor/filemanager/browser/default/images/icons/32 dll.gif
2010.01.15 08:54 B D:\Mes documents\Temp\free\fckeditor\editor\filemanager\browser\default\images\icons\32\doc.gif <-- FREE /formagri_2605/fckeditor/editor/filemanager/browser/default/images/icons/32 doc.gif
2010.01.15 08:54 B D:\Mes documents\Temp\free\fckeditor\editor\filemanager\browser\default\images\icons\32\exe.gif <-- FREE /formagri_2605/fckeditor/editor/filemanager/browser/default/images/icons/32 exe.gif
2010.01.15 08:54 B D:\Mes documents\Temp\free\fckeditor\editor\filemanager\browser\default\images\icons\32\fla.gif <-- FREE /formagri_2605/fckeditor/editor/filemanager/browser/default/images/icons/32 fla.gif
2010.01.15 08:54 B D:\Mes documents\Temp\free\fckeditor\editor\filemanager\browser\default\images\icons\32\gif.gif <-- FREE /formagri_2605/fckeditor/editor/filemanager/browser/default/images/icons/32 gif.gif
2010.01.15 08:54 B D:\Mes documents\Temp\free\fckeditor\editor\filemanager\browser\default\images\icons\32\htm.gif <-- FREE /formagri_2605/fckeditor/editor/filemanager/browser/default/images/icons/32 htm.gif
2010.01.15 08:54 B D:\Mes documents\Temp\free\fckeditor\editor\filemanager\browser\default\images\icons\32\html.gif <-- FREE /formagri_2605/fckeditor/editor/filemanager/browser/default/images/icons/32 html.gif
2010.01.15 08:54 B D:\Mes documents\Temp\free\fckeditor\editor\filemanager\browser\default\images\icons\32\jpg.gif <-- FREE /formagri_2605/fckeditor/editor/filemanager/browser/default/images/icons/32 jpg.gif
2010.01.15 08:54 B D:\Mes documents\Temp\free\fckeditor\editor\filemanager\browser\default\images\icons\32\js.gif <-- FREE /formagri_2605/fckeditor/editor/filemanager/browser/default/images/icons/32 js.gif
2010.01.15 08:54 B D:\Mes documents\Temp\free\fckeditor\editor\filemanager\browser\default\images\icons\32\mdb.gif <-- FREE /formagri_2605/fckeditor/editor/filemanager/browser/default/images/icons/32 mdb.gif
2010.01.15 08:54 B D:\Mes documents\Temp\free\fckeditor\editor\filemanager\browser\default\images\icons\32\mp3.gif <-- FREE /formagri_2605/fckeditor/editor/filemanager/browser/default/images/icons/32 mp3.gif
2010.01.15 08:55 B D:\Mes documents\Temp\free\fckeditor\editor\filemanager\browser\default\images\icons\32\pdf.gif <-- FREE /formagri_2605/fckeditor/editor/filemanager/browser/default/images/icons/32 pdf.gif
2010.01.15 08:55 B D:\Mes documents\Temp\free\fckeditor\editor\filemanager\browser\default\images\icons\32\ppt.gif <-- FREE /formagri_2605/fckeditor/editor/filemanager/browser/default/images/icons/32 ppt.gif
2010.01.15 08:55 B D:\Mes documents\Temp\free\fckeditor\editor\filemanager\browser\default\images\icons\32\rdp.gif <-- FREE /formagri_2605/fckeditor/editor/filemanager/browser/default/images/icons/32 rdp.gif
2010.01.15 08:55 B D:\Mes documents\Temp\free\fckeditor\editor\filemanager\browser\default\images\icons\32\swf.gif <-- FREE /formagri_2605/fckeditor/editor/filemanager/browser/default/images/icons/32 swf.gif
2010.01.15 08:55 B D:\Mes documents\Temp\free\fckeditor\editor\filemanager\browser\default\images\icons\32\swt.gif <-- FREE /formagri_2605/fckeditor/editor/filemanager/browser/default/images/icons/32 swt.gif
2010.01.15 08:55 B D:\Mes documents\Temp\free\fckeditor\editor\filemanager\browser\default\images\icons\32\txt.gif <-- FREE /formagri_2605/fckeditor/editor/filemanager/browser/default/images/icons/32 txt.gif
2010.01.15 08:55 B D:\Mes documents\Temp\free\fckeditor\editor\filemanager\browser\default\images\icons\32\vsd.gif <-- FREE /formagri_2605/fckeditor/editor/filemanager/browser/default/images/icons/32 vsd.gif
2010.01.15 08:55 B D:\Mes documents\Temp\free\fckeditor\editor\filemanager\browser\default\images\icons\32\xls.gif <-- FREE /formagri_2605/fckeditor/editor/filemanager/browser/default/images/icons/32 xls.gif
2010.01.15 08:55 B D:\Mes documents\Temp\free\fckeditor\editor\filemanager\browser\default\images\icons\32\xml.gif <-- FREE /formagri_2605/fckeditor/editor/filemanager/browser/default/images/icons/32 xml.gif
2010.01.15 08:55 B D:\Mes documents\Temp\free\fckeditor\editor\filemanager\browser\default\images\icons\32\zip.gif <-- FREE /formagri_2605/fckeditor/editor/filemanager/browser/default/images/icons/32 zip.gif
