2010.01.15 08:58 B D:\Mes documents\Temp\free\graphique\ttf\arial.ttf <-- FREE /formagri_2605/graphique/ttf arial.ttf
2010.01.15 08:58 B D:\Mes documents\Temp\free\graphique\ttf\arialbd.ttf <-- FREE /formagri_2605/graphique/ttf arialbd.ttf
2010.01.15 08:58 B D:\Mes documents\Temp\free\graphique\ttf\ariali.ttf <-- FREE /formagri_2605/graphique/ttf ariali.ttf
2010.01.15 08:58 B D:\Mes documents\Temp\free\graphique\ttf\bookant.ttf <-- FREE /formagri_2605/graphique/ttf bookant.ttf
2010.01.15 08:58 B D:\Mes documents\Temp\free\graphique\ttf\bookantbd.ttf <-- FREE /formagri_2605/graphique/ttf bookantbd.ttf
2010.01.15 08:58 B D:\Mes documents\Temp\free\graphique\ttf\bookantbi.ttf <-- FREE /formagri_2605/graphique/ttf bookantbi.ttf
2010.01.15 08:58 B D:\Mes documents\Temp\free\graphique\ttf\bookanti.ttf <-- FREE /formagri_2605/graphique/ttf bookanti.ttf
2010.01.15 08:58 B D:\Mes documents\Temp\free\graphique\ttf\comic.ttf <-- FREE /formagri_2605/graphique/ttf comic.ttf
2010.01.15 08:58 B D:\Mes documents\Temp\free\graphique\ttf\comicbd.ttf <-- FREE /formagri_2605/graphique/ttf comicbd.ttf
2010.01.15 08:58 B D:\Mes documents\Temp\free\graphique\ttf\courier.ttf <-- FREE /formagri_2605/graphique/ttf courier.ttf
2010.01.15 08:58 B D:\Mes documents\Temp\free\graphique\ttf\courierbd.ttf <-- FREE /formagri_2605/graphique/ttf courierbd.ttf
2010.01.15 08:58 B D:\Mes documents\Temp\free\graphique\ttf\courierbi.ttf <-- FREE /formagri_2605/graphique/ttf courierbi.ttf
2010.01.15 08:58 B D:\Mes documents\Temp\free\graphique\ttf\courieri.ttf <-- FREE /formagri_2605/graphique/ttf courieri.ttf
2010.01.15 08:58 B D:\Mes documents\Temp\free\graphique\ttf\handwriting.ttf <-- FREE /formagri_2605/graphique/ttf handwriting.ttf
2010.01.15 08:58 B D:\Mes documents\Temp\free\graphique\ttf\tahoma.ttf <-- FREE /formagri_2605/graphique/ttf tahoma.ttf
2010.01.15 08:58 B D:\Mes documents\Temp\free\graphique\ttf\tahomabd.ttf <-- FREE /formagri_2605/graphique/ttf tahomabd.ttf
2010.01.15 08:58 B D:\Mes documents\Temp\free\graphique\ttf\times.ttf <-- FREE /formagri_2605/graphique/ttf times.ttf
2010.01.15 08:58 B D:\Mes documents\Temp\free\graphique\ttf\timesbd.ttf <-- FREE /formagri_2605/graphique/ttf timesbd.ttf
2010.01.15 08:58 B D:\Mes documents\Temp\free\graphique\ttf\timesbi.ttf <-- FREE /formagri_2605/graphique/ttf timesbi.ttf
2010.01.15 08:58 B D:\Mes documents\Temp\free\graphique\ttf\timesi.ttf <-- FREE /formagri_2605/graphique/ttf timesi.ttf
2010.01.15 08:58 B D:\Mes documents\Temp\free\graphique\ttf\verdana.ttf <-- FREE /formagri_2605/graphique/ttf verdana.ttf
2010.01.15 08:58 B D:\Mes documents\Temp\free\graphique\ttf\verdanabd.ttf <-- FREE /formagri_2605/graphique/ttf verdanabd.ttf
2010.01.15 08:58 B D:\Mes documents\Temp\free\graphique\ttf\verdanai.ttf <-- FREE /formagri_2605/graphique/ttf verdanai.ttf
