2010.01.15 08:53 B D:\Mes documents\Temp\free\Authentification\CAS\docs\images\esup-portail.png <-- FREE /formagri_2605/Authentification/CAS/docs/images esup-portail.png
2010.01.15 08:53 B D:\Mes documents\Temp\free\Authentification\CAS\docs\images\horde.png <-- FREE /formagri_2605/Authentification/CAS/docs/images horde.png
2010.01.15 08:53 B D:\Mes documents\Temp\free\Authentification\CAS\docs\images\mantis.png <-- FREE /formagri_2605/Authentification/CAS/docs/images mantis.png
2010.01.15 08:53 B D:\Mes documents\Temp\free\Authentification\CAS\docs\images\navbar_bl_1.gif <-- FREE /formagri_2605/Authentification/CAS/docs/images navbar_bl_1.gif
2010.01.15 08:53 B D:\Mes documents\Temp\free\Authentification\CAS\docs\images\navbar_bl_2.gif <-- FREE /formagri_2605/Authentification/CAS/docs/images navbar_bl_2.gif
2010.01.15 08:53 B D:\Mes documents\Temp\free\Authentification\CAS\docs\images\navbar_bl_3.gif <-- FREE /formagri_2605/Authentification/CAS/docs/images navbar_bl_3.gif
2010.01.15 08:53 B D:\Mes documents\Temp\free\Authentification\CAS\docs\images\navbar_bottom_1.gif <-- FREE /formagri_2605/Authentification/CAS/docs/images navbar_bottom_1.gif
2010.01.15 08:53 B D:\Mes documents\Temp\free\Authentification\CAS\docs\images\navbar_bottom_2.gif <-- FREE /formagri_2605/Authentification/CAS/docs/images navbar_bottom_2.gif
2010.01.15 08:53 B D:\Mes documents\Temp\free\Authentification\CAS\docs\images\navbar_bottom_3.gif <-- FREE /formagri_2605/Authentification/CAS/docs/images navbar_bottom_3.gif
2010.01.15 08:53 B D:\Mes documents\Temp\free\Authentification\CAS\docs\images\navbar_br_1.gif <-- FREE /formagri_2605/Authentification/CAS/docs/images navbar_br_1.gif
2010.01.15 08:53 B D:\Mes documents\Temp\free\Authentification\CAS\docs\images\navbar_br_2.gif <-- FREE /formagri_2605/Authentification/CAS/docs/images navbar_br_2.gif
2010.01.15 08:53 B D:\Mes documents\Temp\free\Authentification\CAS\docs\images\navbar_br_3.gif <-- FREE /formagri_2605/Authentification/CAS/docs/images navbar_br_3.gif
2010.01.15 08:53 B D:\Mes documents\Temp\free\Authentification\CAS\docs\images\navbar_left_1.gif <-- FREE /formagri_2605/Authentification/CAS/docs/images navbar_left_1.gif
2010.01.15 08:53 B D:\Mes documents\Temp\free\Authentification\CAS\docs\images\navbar_left_2.gif <-- FREE /formagri_2605/Authentification/CAS/docs/images navbar_left_2.gif
2010.01.15 08:53 B D:\Mes documents\Temp\free\Authentification\CAS\docs\images\navbar_left_3.gif <-- FREE /formagri_2605/Authentification/CAS/docs/images navbar_left_3.gif
2010.01.15 08:53 B D:\Mes documents\Temp\free\Authentification\CAS\docs\images\navbar_right_1.gif <-- FREE /formagri_2605/Authentification/CAS/docs/images navbar_right_1.gif
2010.01.15 08:53 B D:\Mes documents\Temp\free\Authentification\CAS\docs\images\navbar_right_2.gif <-- FREE /formagri_2605/Authentification/CAS/docs/images navbar_right_2.gif
2010.01.15 08:53 B D:\Mes documents\Temp\free\Authentification\CAS\docs\images\navbar_right_3.gif <-- FREE /formagri_2605/Authentification/CAS/docs/images navbar_right_3.gif
2010.01.15 08:53 B D:\Mes documents\Temp\free\Authentification\CAS\docs\images\navbar_tl_1.gif <-- FREE /formagri_2605/Authentification/CAS/docs/images navbar_tl_1.gif
2010.01.15 08:53 B D:\Mes documents\Temp\free\Authentification\CAS\docs\images\navbar_tl_2.gif <-- FREE /formagri_2605/Authentification/CAS/docs/images navbar_tl_2.gif
2010.01.15 08:53 B D:\Mes documents\Temp\free\Authentification\CAS\docs\images\navbar_tl_3.gif <-- FREE /formagri_2605/Authentification/CAS/docs/images navbar_tl_3.gif
2010.01.15 08:53 B D:\Mes documents\Temp\free\Authentification\CAS\docs\images\navbar_top_1.gif <-- FREE /formagri_2605/Authentification/CAS/docs/images navbar_top_1.gif
2010.01.15 08:53 B D:\Mes documents\Temp\free\Authentification\CAS\docs\images\navbar_top_2.gif <-- FREE /formagri_2605/Authentification/CAS/docs/images navbar_top_2.gif
2010.01.15 08:53 B D:\Mes documents\Temp\free\Authentification\CAS\docs\images\navbar_top_3.gif <-- FREE /formagri_2605/Authentification/CAS/docs/images navbar_top_3.gif
2010.01.15 08:53 B D:\Mes documents\Temp\free\Authentification\CAS\docs\images\navbar_tr_1.gif <-- FREE /formagri_2605/Authentification/CAS/docs/images navbar_tr_1.gif
2010.01.15 08:53 B D:\Mes documents\Temp\free\Authentification\CAS\docs\images\navbar_tr_2.gif <-- FREE /formagri_2605/Authentification/CAS/docs/images navbar_tr_2.gif
2010.01.15 08:53 B D:\Mes documents\Temp\free\Authentification\CAS\docs\images\navbar_tr_3.gif <-- FREE /formagri_2605/Authentification/CAS/docs/images navbar_tr_3.gif
2010.01.15 08:53 B D:\Mes documents\Temp\free\Authentification\CAS\docs\images\phpcas.png <-- FREE /formagri_2605/Authentification/CAS/docs/images phpcas.png
2010.01.15 08:53 B D:\Mes documents\Temp\free\Authentification\CAS\docs\images\pnews.png <-- FREE /formagri_2605/Authentification/CAS/docs/images pnews.png
2010.01.15 08:53 B D:\Mes documents\Temp\free\Authentification\CAS\docs\images\sf.png <-- FREE /formagri_2605/Authentification/CAS/docs/images sf.png
2010.01.15 08:53 B D:\Mes documents\Temp\free\Authentification\CAS\docs\images\Thumbs.db <-- FREE /formagri_2605/Authentification/CAS/docs/images Thumbs.db
2010.01.15 08:53 B D:\Mes documents\Temp\free\Authentification\CAS\docs\images\tikiwiki.png <-- FREE /formagri_2605/Authentification/CAS/docs/images tikiwiki.png
2010.01.15 08:53 B D:\Mes documents\Temp\free\Authentification\CAS\docs\images\transpixel.gif <-- FREE /formagri_2605/Authentification/CAS/docs/images transpixel.gif
