2010.01.15 08:59 B D:\Mes documents\Temp\free\images\agenda\flechd.gif <-- FREE /formagri_2605/images/agenda flechd.gif
2010.01.15 08:59 B D:\Mes documents\Temp\free\images\agenda\flechdb.gif <-- FREE /formagri_2605/images/agenda flechdb.gif
2010.01.15 08:59 B D:\Mes documents\Temp\free\images\agenda\flechg.gif <-- FREE /formagri_2605/images/agenda flechg.gif
2010.01.15 08:59 B D:\Mes documents\Temp\free\images\agenda\flechgb.gif <-- FREE /formagri_2605/images/agenda flechgb.gif
2010.01.15 08:59 B D:\Mes documents\Temp\free\images\agenda\icoagenda.gif <-- FREE /formagri_2605/images/agenda icoagenda.gif
2010.01.15 08:59 B D:\Mes documents\Temp\free\images\agenda\icoagendab.gif <-- FREE /formagri_2605/images/agenda icoagendab.gif
2010.01.15 08:59 B D:\Mes documents\Temp\free\images\agenda\icoagendanim.gif <-- FREE /formagri_2605/images/agenda icoagendanim.gif
2010.01.15 08:59 B D:\Mes documents\Temp\free\images\agenda\icocalend.gif <-- FREE /formagri_2605/images/agenda icocalend.gif
2010.01.15 08:59 B D:\Mes documents\Temp\free\images\agenda\icocalendb.gif <-- FREE /formagri_2605/images/agenda icocalendb.gif
2010.01.15 08:59 B D:\Mes documents\Temp\free\images\agenda\icoevement.gif <-- FREE /formagri_2605/images/agenda icoevement.gif
2010.01.15 08:59 B D:\Mes documents\Temp\free\images\agenda\icoevementb.gif <-- FREE /formagri_2605/images/agenda icoevementb.gif
2010.01.15 08:59 B D:\Mes documents\Temp\free\images\agenda\icorendez.gif <-- FREE /formagri_2605/images/agenda icorendez.gif
2010.01.15 08:59 B D:\Mes documents\Temp\free\images\agenda\icorendezb.gif <-- FREE /formagri_2605/images/agenda icorendezb.gif
2010.01.15 08:59 B D:\Mes documents\Temp\free\images\agenda\index.html <-- FREE /formagri_2605/images/agenda index.html
2010.01.15 08:59 B D:\Mes documents\Temp\free\images\agenda\ptiflech2d.gif <-- FREE /formagri_2605/images/agenda ptiflech2d.gif
2010.01.15 08:59 B D:\Mes documents\Temp\free\images\agenda\ptiflech2db.gif <-- FREE /formagri_2605/images/agenda ptiflech2db.gif
2010.01.15 08:59 B D:\Mes documents\Temp\free\images\agenda\ptiflech2g.gif <-- FREE /formagri_2605/images/agenda ptiflech2g.gif
2010.01.15 08:59 B D:\Mes documents\Temp\free\images\agenda\ptiflech2gb.gif <-- FREE /formagri_2605/images/agenda ptiflech2gb.gif
2010.01.15 08:59 B D:\Mes documents\Temp\free\images\agenda\ptiflechbas.gif <-- FREE /formagri_2605/images/agenda ptiflechbas.gif
2010.01.15 08:59 B D:\Mes documents\Temp\free\images\agenda\ptiflechbasb.gif <-- FREE /formagri_2605/images/agenda ptiflechbasb.gif
2010.01.15 08:59 B D:\Mes documents\Temp\free\images\agenda\ptiflechd.gif <-- FREE /formagri_2605/images/agenda ptiflechd.gif
2010.01.15 08:59 B D:\Mes documents\Temp\free\images\agenda\ptiflechdb.gif <-- FREE /formagri_2605/images/agenda ptiflechdb.gif
2010.01.15 08:59 B D:\Mes documents\Temp\free\images\agenda\ptiflechg.gif <-- FREE /formagri_2605/images/agenda ptiflechg.gif
2010.01.15 08:59 B D:\Mes documents\Temp\free\images\agenda\ptiflechgb.gif <-- FREE /formagri_2605/images/agenda ptiflechgb.gif
2010.01.15 08:59 B D:\Mes documents\Temp\free\images\agenda\ptiflecho.gif <-- FREE /formagri_2605/images/agenda ptiflecho.gif
2010.01.15 08:59 B D:\Mes documents\Temp\free\images\agenda\ptiflechob.gif <-- FREE /formagri_2605/images/agenda ptiflechob.gif
