2010.01.15 08:53 B D:\Mes documents\Temp\free\Authentification\CAS\docs\acknowledgements.html <-- FREE /formagri_2605/Authentification/CAS/docs acknowledgements.html
2010.01.15 08:53 B D:\Mes documents\Temp\free\Authentification\CAS\docs\bugs.html <-- FREE /formagri_2605/Authentification/CAS/docs bugs.html
2010.01.15 08:53 B D:\Mes documents\Temp\free\Authentification\CAS\docs\contributors.html <-- FREE /formagri_2605/Authentification/CAS/docs contributors.html
2010.01.15 08:53 B D:\Mes documents\Temp\free\Authentification\CAS\docs\download.html <-- FREE /formagri_2605/Authentification/CAS/docs download.html
2010.01.15 08:53 B D:\Mes documents\Temp\free\Authentification\CAS\docs\download.php <-- FREE /formagri_2605/Authentification/CAS/docs download.php
2010.01.15 08:53 B D:\Mes documents\Temp\free\Authentification\CAS\docs\examples.html <-- FREE /formagri_2605/Authentification/CAS/docs examples.html
2010.01.15 08:53 B D:\Mes documents\Temp\free\Authentification\CAS\docs\features.html <-- FREE /formagri_2605/Authentification/CAS/docs features.html
2010.01.15 08:53 B D:\Mes documents\Temp\free\Authentification\CAS\docs\history.html <-- FREE /formagri_2605/Authentification/CAS/docs history.html
2010.01.15 08:53 B D:\Mes documents\Temp\free\Authentification\CAS\docs\index.html <-- FREE /formagri_2605/Authentification/CAS/docs index.html
2010.01.15 08:53 B D:\Mes documents\Temp\free\Authentification\CAS\docs\index.php <-- FREE /formagri_2605/Authentification/CAS/docs index.php
2010.01.15 08:53 B D:\Mes documents\Temp\free\Authentification\CAS\docs\install.html <-- FREE /formagri_2605/Authentification/CAS/docs install.html
2010.01.15 08:53 B D:\Mes documents\Temp\free\Authentification\CAS\docs\internationalization.html <-- FREE /formagri_2605/Authentification/CAS/docs internationalization.html
2010.01.15 08:53 B D:\Mes documents\Temp\free\Authentification\CAS\docs\license.html <-- FREE /formagri_2605/Authentification/CAS/docs license.html
2010.01.15 08:53 B D:\Mes documents\Temp\free\Authentification\CAS\docs\links.html <-- FREE /formagri_2605/Authentification/CAS/docs links.html
2010.01.15 08:53 B D:\Mes documents\Temp\free\Authentification\CAS\docs\mail.html <-- FREE /formagri_2605/Authentification/CAS/docs mail.html
2010.01.15 08:53 B D:\Mes documents\Temp\free\Authentification\CAS\docs\news.html <-- FREE /formagri_2605/Authentification/CAS/docs news.html
2010.01.15 08:53 B D:\Mes documents\Temp\free\Authentification\CAS\docs\phpcas.css <-- FREE /formagri_2605/Authentification/CAS/docs phpcas.css
2010.01.15 08:53 B D:\Mes documents\Temp\free\Authentification\CAS\docs\projects.html <-- FREE /formagri_2605/Authentification/CAS/docs projects.html
2010.01.15 08:53 B D:\Mes documents\Temp\free\Authentification\CAS\docs\releasing.html <-- FREE /formagri_2605/Authentification/CAS/docs releasing.html
2010.01.15 08:53 B D:\Mes documents\Temp\free\Authentification\CAS\docs\requirements.html <-- FREE /formagri_2605/Authentification/CAS/docs requirements.html
2010.01.15 08:53 B D:\Mes documents\Temp\free\Authentification\CAS\docs\todo.html <-- FREE /formagri_2605/Authentification/CAS/docs todo.html
2010.01.15 08:53 B D:\Mes documents\Temp\free\Authentification\CAS\docs\troubleshooting.html <-- FREE /formagri_2605/Authentification/CAS/docs troubleshooting.html
