2010.01.15 08:56 B D:\Mes documents\Temp\free\fckeditor\editor\skins\office2003\toolbar\about.gif <-- FREE /formagri_2605/fckeditor/editor/skins/office2003/toolbar about.gif
2010.01.15 08:56 B D:\Mes documents\Temp\free\fckeditor\editor\skins\office2003\toolbar\anchor.gif <-- FREE /formagri_2605/fckeditor/editor/skins/office2003/toolbar anchor.gif
2010.01.15 08:56 B D:\Mes documents\Temp\free\fckeditor\editor\skins\office2003\toolbar\bgcolor.gif <-- FREE /formagri_2605/fckeditor/editor/skins/office2003/toolbar bgcolor.gif
2010.01.15 08:56 B D:\Mes documents\Temp\free\fckeditor\editor\skins\office2003\toolbar\bold.gif <-- FREE /formagri_2605/fckeditor/editor/skins/office2003/toolbar bold.gif
2010.01.15 08:56 B D:\Mes documents\Temp\free\fckeditor\editor\skins\office2003\toolbar\bulletedlist.gif <-- FREE /formagri_2605/fckeditor/editor/skins/office2003/toolbar bulletedlist.gif
2010.01.15 08:56 B D:\Mes documents\Temp\free\fckeditor\editor\skins\office2003\toolbar\button.gif <-- FREE /formagri_2605/fckeditor/editor/skins/office2003/toolbar button.gif
2010.01.15 08:56 B D:\Mes documents\Temp\free\fckeditor\editor\skins\office2003\toolbar\checkbox.gif <-- FREE /formagri_2605/fckeditor/editor/skins/office2003/toolbar checkbox.gif
2010.01.15 08:56 B D:\Mes documents\Temp\free\fckeditor\editor\skins\office2003\toolbar\copy.gif <-- FREE /formagri_2605/fckeditor/editor/skins/office2003/toolbar copy.gif
2010.01.15 08:56 B D:\Mes documents\Temp\free\fckeditor\editor\skins\office2003\toolbar\cut.gif <-- FREE /formagri_2605/fckeditor/editor/skins/office2003/toolbar cut.gif
2010.01.15 08:56 B D:\Mes documents\Temp\free\fckeditor\editor\skins\office2003\toolbar\docprops.gif <-- FREE /formagri_2605/fckeditor/editor/skins/office2003/toolbar docprops.gif
2010.01.15 08:56 B D:\Mes documents\Temp\free\fckeditor\editor\skins\office2003\toolbar\find.gif <-- FREE /formagri_2605/fckeditor/editor/skins/office2003/toolbar find.gif
2010.01.15 08:56 B D:\Mes documents\Temp\free\fckeditor\editor\skins\office2003\toolbar\flash.gif <-- FREE /formagri_2605/fckeditor/editor/skins/office2003/toolbar flash.gif
2010.01.15 08:56 B D:\Mes documents\Temp\free\fckeditor\editor\skins\office2003\toolbar\fontstyleadv.gif <-- FREE /formagri_2605/fckeditor/editor/skins/office2003/toolbar fontstyleadv.gif
2010.01.15 08:56 B D:\Mes documents\Temp\free\fckeditor\editor\skins\office2003\toolbar\form.gif <-- FREE /formagri_2605/fckeditor/editor/skins/office2003/toolbar form.gif
2010.01.15 08:56 B D:\Mes documents\Temp\free\fckeditor\editor\skins\office2003\toolbar\hidden.gif <-- FREE /formagri_2605/fckeditor/editor/skins/office2003/toolbar hidden.gif
2010.01.15 08:56 B D:\Mes documents\Temp\free\fckeditor\editor\skins\office2003\toolbar\hiddenfield.gif <-- FREE /formagri_2605/fckeditor/editor/skins/office2003/toolbar hiddenfield.gif
2010.01.15 08:56 B D:\Mes documents\Temp\free\fckeditor\editor\skins\office2003\toolbar\image.gif <-- FREE /formagri_2605/fckeditor/editor/skins/office2003/toolbar image.gif
2010.01.15 08:56 B D:\Mes documents\Temp\free\fckeditor\editor\skins\office2003\toolbar\imagebutton.gif <-- FREE /formagri_2605/fckeditor/editor/skins/office2003/toolbar imagebutton.gif
2010.01.15 08:56 B D:\Mes documents\Temp\free\fckeditor\editor\skins\office2003\toolbar\indent.gif <-- FREE /formagri_2605/fckeditor/editor/skins/office2003/toolbar indent.gif
2010.01.15 08:56 B D:\Mes documents\Temp\free\fckeditor\editor\skins\office2003\toolbar\input.gif <-- FREE /formagri_2605/fckeditor/editor/skins/office2003/toolbar input.gif
2010.01.15 08:56 B D:\Mes documents\Temp\free\fckeditor\editor\skins\office2003\toolbar\inserthorizontalrule.gif <-- FREE /formagri_2605/fckeditor/editor/skins/office2003/toolbar inserthorizontalrule.gif
2010.01.15 08:56 B D:\Mes documents\Temp\free\fckeditor\editor\skins\office2003\toolbar\insertorderedlist.gif <-- FREE /formagri_2605/fckeditor/editor/skins/office2003/toolbar insertorderedlist.gif
2010.01.15 08:56 B D:\Mes documents\Temp\free\fckeditor\editor\skins\office2003\toolbar\insertunorderedlist.gif <-- FREE /formagri_2605/fckeditor/editor/skins/office2003/toolbar insertunorderedlist.gif
2010.01.15 08:56 B D:\Mes documents\Temp\free\fckeditor\editor\skins\office2003\toolbar\italic.gif <-- FREE /formagri_2605/fckeditor/editor/skins/office2003/toolbar italic.gif
2010.01.15 08:56 B D:\Mes documents\Temp\free\fckeditor\editor\skins\office2003\toolbar\justifycenter.gif <-- FREE /formagri_2605/fckeditor/editor/skins/office2003/toolbar justifycenter.gif
2010.01.15 08:56 B D:\Mes documents\Temp\free\fckeditor\editor\skins\office2003\toolbar\justifyfull.gif <-- FREE /formagri_2605/fckeditor/editor/skins/office2003/toolbar justifyfull.gif
2010.01.15 08:56 B D:\Mes documents\Temp\free\fckeditor\editor\skins\office2003\toolbar\justifyleft.gif <-- FREE /formagri_2605/fckeditor/editor/skins/office2003/toolbar justifyleft.gif
2010.01.15 08:56 B D:\Mes documents\Temp\free\fckeditor\editor\skins\office2003\toolbar\justifyright.gif <-- FREE /formagri_2605/fckeditor/editor/skins/office2003/toolbar justifyright.gif
2010.01.15 08:56 B D:\Mes documents\Temp\free\fckeditor\editor\skins\office2003\toolbar\link.gif <-- FREE /formagri_2605/fckeditor/editor/skins/office2003/toolbar link.gif
2010.01.15 08:56 B D:\Mes documents\Temp\free\fckeditor\editor\skins\office2003\toolbar\mail.gif <-- FREE /formagri_2605/fckeditor/editor/skins/office2003/toolbar mail.gif
2010.01.15 08:56 B D:\Mes documents\Temp\free\fckeditor\editor\skins\office2003\toolbar\new.gif <-- FREE /formagri_2605/fckeditor/editor/skins/office2003/toolbar new.gif
2010.01.15 08:56 B D:\Mes documents\Temp\free\fckeditor\editor\skins\office2003\toolbar\newpage.gif <-- FREE /formagri_2605/fckeditor/editor/skins/office2003/toolbar newpage.gif
2010.01.15 08:56 B D:\Mes documents\Temp\free\fckeditor\editor\skins\office2003\toolbar\numberedlist.gif <-- FREE /formagri_2605/fckeditor/editor/skins/office2003/toolbar numberedlist.gif
2010.01.15 08:56 B D:\Mes documents\Temp\free\fckeditor\editor\skins\office2003\toolbar\open.gif <-- FREE /formagri_2605/fckeditor/editor/skins/office2003/toolbar open.gif
2010.01.15 08:56 B D:\Mes documents\Temp\free\fckeditor\editor\skins\office2003\toolbar\outdent.gif <-- FREE /formagri_2605/fckeditor/editor/skins/office2003/toolbar outdent.gif
2010.01.15 08:56 B D:\Mes documents\Temp\free\fckeditor\editor\skins\office2003\toolbar\paste.gif <-- FREE /formagri_2605/fckeditor/editor/skins/office2003/toolbar paste.gif
2010.01.15 08:56 B D:\Mes documents\Temp\free\fckeditor\editor\skins\office2003\toolbar\pastetext.gif <-- FREE /formagri_2605/fckeditor/editor/skins/office2003/toolbar pastetext.gif
2010.01.15 08:56 B D:\Mes documents\Temp\free\fckeditor\editor\skins\office2003\toolbar\pasteword.gif <-- FREE /formagri_2605/fckeditor/editor/skins/office2003/toolbar pasteword.gif
2010.01.15 08:56 B D:\Mes documents\Temp\free\fckeditor\editor\skins\office2003\toolbar\preview.gif <-- FREE /formagri_2605/fckeditor/editor/skins/office2003/toolbar preview.gif
2010.01.15 08:56 B D:\Mes documents\Temp\free\fckeditor\editor\skins\office2003\toolbar\print.gif <-- FREE /formagri_2605/fckeditor/editor/skins/office2003/toolbar print.gif
2010.01.15 08:56 B D:\Mes documents\Temp\free\fckeditor\editor\skins\office2003\toolbar\radio.gif <-- FREE /formagri_2605/fckeditor/editor/skins/office2003/toolbar radio.gif
2010.01.15 08:56 B D:\Mes documents\Temp\free\fckeditor\editor\skins\office2003\toolbar\redo.gif <-- FREE /formagri_2605/fckeditor/editor/skins/office2003/toolbar redo.gif
2010.01.15 08:56 B D:\Mes documents\Temp\free\fckeditor\editor\skins\office2003\toolbar\removeformat.gif <-- FREE /formagri_2605/fckeditor/editor/skins/office2003/toolbar removeformat.gif
2010.01.15 08:56 B D:\Mes documents\Temp\free\fckeditor\editor\skins\office2003\toolbar\replace.gif <-- FREE /formagri_2605/fckeditor/editor/skins/office2003/toolbar replace.gif
2010.01.15 08:56 B D:\Mes documents\Temp\free\fckeditor\editor\skins\office2003\toolbar\save.gif <-- FREE /formagri_2605/fckeditor/editor/skins/office2003/toolbar save.gif
2010.01.15 08:56 B D:\Mes documents\Temp\free\fckeditor\editor\skins\office2003\toolbar\select.gif <-- FREE /formagri_2605/fckeditor/editor/skins/office2003/toolbar select.gif
2010.01.15 08:56 B D:\Mes documents\Temp\free\fckeditor\editor\skins\office2003\toolbar\selectall.gif <-- FREE /formagri_2605/fckeditor/editor/skins/office2003/toolbar selectall.gif
2010.01.15 08:56 B D:\Mes documents\Temp\free\fckeditor\editor\skins\office2003\toolbar\showdetails.gif <-- FREE /formagri_2605/fckeditor/editor/skins/office2003/toolbar showdetails.gif
2010.01.15 08:56 B D:\Mes documents\Temp\free\fckeditor\editor\skins\office2003\toolbar\showtableborders.gif <-- FREE /formagri_2605/fckeditor/editor/skins/office2003/toolbar showtableborders.gif
2010.01.15 08:56 B D:\Mes documents\Temp\free\fckeditor\editor\skins\office2003\toolbar\smiley.gif <-- FREE /formagri_2605/fckeditor/editor/skins/office2003/toolbar smiley.gif
2010.01.15 08:56 B D:\Mes documents\Temp\free\fckeditor\editor\skins\office2003\toolbar\source.gif <-- FREE /formagri_2605/fckeditor/editor/skins/office2003/toolbar source.gif
2010.01.15 08:56 B D:\Mes documents\Temp\free\fckeditor\editor\skins\office2003\toolbar\specialchar.gif <-- FREE /formagri_2605/fckeditor/editor/skins/office2003/toolbar specialchar.gif
2010.01.15 08:56 B D:\Mes documents\Temp\free\fckeditor\editor\skins\office2003\toolbar\spellcheck.gif <-- FREE /formagri_2605/fckeditor/editor/skins/office2003/toolbar spellcheck.gif
2010.01.15 08:56 B D:\Mes documents\Temp\free\fckeditor\editor\skins\office2003\toolbar\strikethrough.gif <-- FREE /formagri_2605/fckeditor/editor/skins/office2003/toolbar strikethrough.gif
2010.01.15 08:56 B D:\Mes documents\Temp\free\fckeditor\editor\skins\office2003\toolbar\subscript.gif <-- FREE /formagri_2605/fckeditor/editor/skins/office2003/toolbar subscript.gif
2010.01.15 08:56 B D:\Mes documents\Temp\free\fckeditor\editor\skins\office2003\toolbar\superscript.gif <-- FREE /formagri_2605/fckeditor/editor/skins/office2003/toolbar superscript.gif
2010.01.15 08:56 B D:\Mes documents\Temp\free\fckeditor\editor\skins\office2003\toolbar\table.gif <-- FREE /formagri_2605/fckeditor/editor/skins/office2003/toolbar table.gif
2010.01.15 08:56 B D:\Mes documents\Temp\free\fckeditor\editor\skins\office2003\toolbar\tablecell.gif <-- FREE /formagri_2605/fckeditor/editor/skins/office2003/toolbar tablecell.gif
2010.01.15 08:56 B D:\Mes documents\Temp\free\fckeditor\editor\skins\office2003\toolbar\tabledeletecells.gif <-- FREE /formagri_2605/fckeditor/editor/skins/office2003/toolbar tabledeletecells.gif
2010.01.15 08:56 B D:\Mes documents\Temp\free\fckeditor\editor\skins\office2003\toolbar\tabledeletecolumns.gif <-- FREE /formagri_2605/fckeditor/editor/skins/office2003/toolbar tabledeletecolumns.gif
2010.01.15 08:57 B D:\Mes documents\Temp\free\fckeditor\editor\skins\office2003\toolbar\tabledeleterows.gif <-- FREE /formagri_2605/fckeditor/editor/skins/office2003/toolbar tabledeleterows.gif
2010.01.15 08:57 B D:\Mes documents\Temp\free\fckeditor\editor\skins\office2003\toolbar\tableinsertcell.gif <-- FREE /formagri_2605/fckeditor/editor/skins/office2003/toolbar tableinsertcell.gif
2010.01.15 08:57 B D:\Mes documents\Temp\free\fckeditor\editor\skins\office2003\toolbar\tableinsertcolumn.gif <-- FREE /formagri_2605/fckeditor/editor/skins/office2003/toolbar tableinsertcolumn.gif
2010.01.15 08:57 B D:\Mes documents\Temp\free\fckeditor\editor\skins\office2003\toolbar\tableinsertrow.gif <-- FREE /formagri_2605/fckeditor/editor/skins/office2003/toolbar tableinsertrow.gif
2010.01.15 08:57 B D:\Mes documents\Temp\free\fckeditor\editor\skins\office2003\toolbar\tablemergecells.gif <-- FREE /formagri_2605/fckeditor/editor/skins/office2003/toolbar tablemergecells.gif
2010.01.15 08:57 B D:\Mes documents\Temp\free\fckeditor\editor\skins\office2003\toolbar\tablesplitcell.gif <-- FREE /formagri_2605/fckeditor/editor/skins/office2003/toolbar tablesplitcell.gif
2010.01.15 08:57 B D:\Mes documents\Temp\free\fckeditor\editor\skins\office2003\toolbar\textarea.gif <-- FREE /formagri_2605/fckeditor/editor/skins/office2003/toolbar textarea.gif
2010.01.15 08:57 B D:\Mes documents\Temp\free\fckeditor\editor\skins\office2003\toolbar\textcolor.gif <-- FREE /formagri_2605/fckeditor/editor/skins/office2003/toolbar textcolor.gif
2010.01.15 08:57 B D:\Mes documents\Temp\free\fckeditor\editor\skins\office2003\toolbar\textfield.gif <-- FREE /formagri_2605/fckeditor/editor/skins/office2003/toolbar textfield.gif
2010.01.15 08:57 B D:\Mes documents\Temp\free\fckeditor\editor\skins\office2003\toolbar\underline.gif <-- FREE /formagri_2605/fckeditor/editor/skins/office2003/toolbar underline.gif
2010.01.15 08:57 B D:\Mes documents\Temp\free\fckeditor\editor\skins\office2003\toolbar\undo.gif <-- FREE /formagri_2605/fckeditor/editor/skins/office2003/toolbar undo.gif
2010.01.15 08:57 B D:\Mes documents\Temp\free\fckeditor\editor\skins\office2003\toolbar\universalkey.gif <-- FREE /formagri_2605/fckeditor/editor/skins/office2003/toolbar universalkey.gif
2010.01.15 08:57 B D:\Mes documents\Temp\free\fckeditor\editor\skins\office2003\toolbar\unlink.gif <-- FREE /formagri_2605/fckeditor/editor/skins/office2003/toolbar unlink.gif
2010.01.15 08:57 B D:\Mes documents\Temp\free\fckeditor\editor\skins\office2003\toolbar\unorderedlist.gif <-- FREE /formagri_2605/fckeditor/editor/skins/office2003/toolbar unorderedlist.gif
