2010.01.15 08:56 B D:\Mes documents\Temp\free\fckeditor\editor\skins\default\toolbar\about.gif <-- FREE /formagri_2605/fckeditor/editor/skins/default/toolbar about.gif
2010.01.15 08:56 B D:\Mes documents\Temp\free\fckeditor\editor\skins\default\toolbar\anchor.gif <-- FREE /formagri_2605/fckeditor/editor/skins/default/toolbar anchor.gif
2010.01.15 08:56 B D:\Mes documents\Temp\free\fckeditor\editor\skins\default\toolbar\bgcolor.gif <-- FREE /formagri_2605/fckeditor/editor/skins/default/toolbar bgcolor.gif
2010.01.15 08:56 B D:\Mes documents\Temp\free\fckeditor\editor\skins\default\toolbar\bold.gif <-- FREE /formagri_2605/fckeditor/editor/skins/default/toolbar bold.gif
2010.01.15 08:56 B D:\Mes documents\Temp\free\fckeditor\editor\skins\default\toolbar\bulletedlist.gif <-- FREE /formagri_2605/fckeditor/editor/skins/default/toolbar bulletedlist.gif
2010.01.15 08:56 B D:\Mes documents\Temp\free\fckeditor\editor\skins\default\toolbar\button.gif <-- FREE /formagri_2605/fckeditor/editor/skins/default/toolbar button.gif
2010.01.15 08:56 B D:\Mes documents\Temp\free\fckeditor\editor\skins\default\toolbar\checkbox.gif <-- FREE /formagri_2605/fckeditor/editor/skins/default/toolbar checkbox.gif
2010.01.15 08:56 B D:\Mes documents\Temp\free\fckeditor\editor\skins\default\toolbar\copy.gif <-- FREE /formagri_2605/fckeditor/editor/skins/default/toolbar copy.gif
2010.01.15 08:56 B D:\Mes documents\Temp\free\fckeditor\editor\skins\default\toolbar\cut.gif <-- FREE /formagri_2605/fckeditor/editor/skins/default/toolbar cut.gif
2010.01.15 08:56 B D:\Mes documents\Temp\free\fckeditor\editor\skins\default\toolbar\docprops.gif <-- FREE /formagri_2605/fckeditor/editor/skins/default/toolbar docprops.gif
2010.01.15 08:56 B D:\Mes documents\Temp\free\fckeditor\editor\skins\default\toolbar\find.gif <-- FREE /formagri_2605/fckeditor/editor/skins/default/toolbar find.gif
2010.01.15 08:56 B D:\Mes documents\Temp\free\fckeditor\editor\skins\default\toolbar\form.gif <-- FREE /formagri_2605/fckeditor/editor/skins/default/toolbar form.gif
2010.01.15 08:56 B D:\Mes documents\Temp\free\fckeditor\editor\skins\default\toolbar\hiddenfield.gif <-- FREE /formagri_2605/fckeditor/editor/skins/default/toolbar hiddenfield.gif
2010.01.15 08:56 B D:\Mes documents\Temp\free\fckeditor\editor\skins\default\toolbar\image.gif <-- FREE /formagri_2605/fckeditor/editor/skins/default/toolbar image.gif
2010.01.15 08:56 B D:\Mes documents\Temp\free\fckeditor\editor\skins\default\toolbar\imagebutton.gif <-- FREE /formagri_2605/fckeditor/editor/skins/default/toolbar imagebutton.gif
2010.01.15 08:56 B D:\Mes documents\Temp\free\fckeditor\editor\skins\default\toolbar\indent.gif <-- FREE /formagri_2605/fckeditor/editor/skins/default/toolbar indent.gif
2010.01.15 08:56 B D:\Mes documents\Temp\free\fckeditor\editor\skins\default\toolbar\inserthorizontalrule.gif <-- FREE /formagri_2605/fckeditor/editor/skins/default/toolbar inserthorizontalrule.gif
2010.01.15 08:56 B D:\Mes documents\Temp\free\fckeditor\editor\skins\default\toolbar\insertorderedlist.gif <-- FREE /formagri_2605/fckeditor/editor/skins/default/toolbar insertorderedlist.gif
2010.01.15 08:56 B D:\Mes documents\Temp\free\fckeditor\editor\skins\default\toolbar\insertunorderedlist.gif <-- FREE /formagri_2605/fckeditor/editor/skins/default/toolbar insertunorderedlist.gif
2010.01.15 08:56 B D:\Mes documents\Temp\free\fckeditor\editor\skins\default\toolbar\italic.gif <-- FREE /formagri_2605/fckeditor/editor/skins/default/toolbar italic.gif
2010.01.15 08:56 B D:\Mes documents\Temp\free\fckeditor\editor\skins\default\toolbar\justifycenter.gif <-- FREE /formagri_2605/fckeditor/editor/skins/default/toolbar justifycenter.gif
2010.01.15 08:56 B D:\Mes documents\Temp\free\fckeditor\editor\skins\default\toolbar\justifyfull.gif <-- FREE /formagri_2605/fckeditor/editor/skins/default/toolbar justifyfull.gif
2010.01.15 08:56 B D:\Mes documents\Temp\free\fckeditor\editor\skins\default\toolbar\justifyleft.gif <-- FREE /formagri_2605/fckeditor/editor/skins/default/toolbar justifyleft.gif
2010.01.15 08:56 B D:\Mes documents\Temp\free\fckeditor\editor\skins\default\toolbar\justifyright.gif <-- FREE /formagri_2605/fckeditor/editor/skins/default/toolbar justifyright.gif
2010.01.15 08:56 B D:\Mes documents\Temp\free\fckeditor\editor\skins\default\toolbar\link.gif <-- FREE /formagri_2605/fckeditor/editor/skins/default/toolbar link.gif
2010.01.15 08:56 B D:\Mes documents\Temp\free\fckeditor\editor\skins\default\toolbar\newpage.gif <-- FREE /formagri_2605/fckeditor/editor/skins/default/toolbar newpage.gif
2010.01.15 08:56 B D:\Mes documents\Temp\free\fckeditor\editor\skins\default\toolbar\numberedlist.gif <-- FREE /formagri_2605/fckeditor/editor/skins/default/toolbar numberedlist.gif
2010.01.15 08:56 B D:\Mes documents\Temp\free\fckeditor\editor\skins\default\toolbar\outdent.gif <-- FREE /formagri_2605/fckeditor/editor/skins/default/toolbar outdent.gif
2010.01.15 08:56 B D:\Mes documents\Temp\free\fckeditor\editor\skins\default\toolbar\paste.gif <-- FREE /formagri_2605/fckeditor/editor/skins/default/toolbar paste.gif
2010.01.15 08:56 B D:\Mes documents\Temp\free\fckeditor\editor\skins\default\toolbar\pastetext.gif <-- FREE /formagri_2605/fckeditor/editor/skins/default/toolbar pastetext.gif
2010.01.15 08:56 B D:\Mes documents\Temp\free\fckeditor\editor\skins\default\toolbar\pasteword.gif <-- FREE /formagri_2605/fckeditor/editor/skins/default/toolbar pasteword.gif
2010.01.15 08:56 B D:\Mes documents\Temp\free\fckeditor\editor\skins\default\toolbar\preview.gif <-- FREE /formagri_2605/fckeditor/editor/skins/default/toolbar preview.gif
2010.01.15 08:56 B D:\Mes documents\Temp\free\fckeditor\editor\skins\default\toolbar\print.gif <-- FREE /formagri_2605/fckeditor/editor/skins/default/toolbar print.gif
2010.01.15 08:56 B D:\Mes documents\Temp\free\fckeditor\editor\skins\default\toolbar\radio.gif <-- FREE /formagri_2605/fckeditor/editor/skins/default/toolbar radio.gif
2010.01.15 08:56 B D:\Mes documents\Temp\free\fckeditor\editor\skins\default\toolbar\redo.gif <-- FREE /formagri_2605/fckeditor/editor/skins/default/toolbar redo.gif
2010.01.15 08:56 B D:\Mes documents\Temp\free\fckeditor\editor\skins\default\toolbar\removeformat.gif <-- FREE /formagri_2605/fckeditor/editor/skins/default/toolbar removeformat.gif
2010.01.15 08:56 B D:\Mes documents\Temp\free\fckeditor\editor\skins\default\toolbar\replace.gif <-- FREE /formagri_2605/fckeditor/editor/skins/default/toolbar replace.gif
2010.01.15 08:56 B D:\Mes documents\Temp\free\fckeditor\editor\skins\default\toolbar\save.gif <-- FREE /formagri_2605/fckeditor/editor/skins/default/toolbar save.gif
2010.01.15 08:56 B D:\Mes documents\Temp\free\fckeditor\editor\skins\default\toolbar\select.gif <-- FREE /formagri_2605/fckeditor/editor/skins/default/toolbar select.gif
2010.01.15 08:56 B D:\Mes documents\Temp\free\fckeditor\editor\skins\default\toolbar\selectall.gif <-- FREE /formagri_2605/fckeditor/editor/skins/default/toolbar selectall.gif
2010.01.15 08:56 B D:\Mes documents\Temp\free\fckeditor\editor\skins\default\toolbar\showdetails.gif <-- FREE /formagri_2605/fckeditor/editor/skins/default/toolbar showdetails.gif
2010.01.15 08:56 B D:\Mes documents\Temp\free\fckeditor\editor\skins\default\toolbar\showtableborders.gif <-- FREE /formagri_2605/fckeditor/editor/skins/default/toolbar showtableborders.gif
2010.01.15 08:56 B D:\Mes documents\Temp\free\fckeditor\editor\skins\default\toolbar\smiley.gif <-- FREE /formagri_2605/fckeditor/editor/skins/default/toolbar smiley.gif
2010.01.15 08:56 B D:\Mes documents\Temp\free\fckeditor\editor\skins\default\toolbar\source.gif <-- FREE /formagri_2605/fckeditor/editor/skins/default/toolbar source.gif
2010.01.15 08:56 B D:\Mes documents\Temp\free\fckeditor\editor\skins\default\toolbar\specialchar.gif <-- FREE /formagri_2605/fckeditor/editor/skins/default/toolbar specialchar.gif
2010.01.15 08:56 B D:\Mes documents\Temp\free\fckeditor\editor\skins\default\toolbar\spellcheck.gif <-- FREE /formagri_2605/fckeditor/editor/skins/default/toolbar spellcheck.gif
2010.01.15 08:56 B D:\Mes documents\Temp\free\fckeditor\editor\skins\default\toolbar\strikethrough.gif <-- FREE /formagri_2605/fckeditor/editor/skins/default/toolbar strikethrough.gif
2010.01.15 08:56 B D:\Mes documents\Temp\free\fckeditor\editor\skins\default\toolbar\subscript.gif <-- FREE /formagri_2605/fckeditor/editor/skins/default/toolbar subscript.gif
2010.01.15 08:56 B D:\Mes documents\Temp\free\fckeditor\editor\skins\default\toolbar\superscript.gif <-- FREE /formagri_2605/fckeditor/editor/skins/default/toolbar superscript.gif
2010.01.15 08:56 B D:\Mes documents\Temp\free\fckeditor\editor\skins\default\toolbar\table.gif <-- FREE /formagri_2605/fckeditor/editor/skins/default/toolbar table.gif
2010.01.15 08:56 B D:\Mes documents\Temp\free\fckeditor\editor\skins\default\toolbar\tablecell.gif <-- FREE /formagri_2605/fckeditor/editor/skins/default/toolbar tablecell.gif
2010.01.15 08:56 B D:\Mes documents\Temp\free\fckeditor\editor\skins\default\toolbar\tabledeletecells.gif <-- FREE /formagri_2605/fckeditor/editor/skins/default/toolbar tabledeletecells.gif
2010.01.15 08:56 B D:\Mes documents\Temp\free\fckeditor\editor\skins\default\toolbar\tabledeletecolumns.gif <-- FREE /formagri_2605/fckeditor/editor/skins/default/toolbar tabledeletecolumns.gif
2010.01.15 08:56 B D:\Mes documents\Temp\free\fckeditor\editor\skins\default\toolbar\tabledeleterows.gif <-- FREE /formagri_2605/fckeditor/editor/skins/default/toolbar tabledeleterows.gif
2010.01.15 08:56 B D:\Mes documents\Temp\free\fckeditor\editor\skins\default\toolbar\tableinsertcell.gif <-- FREE /formagri_2605/fckeditor/editor/skins/default/toolbar tableinsertcell.gif
2010.01.15 08:56 B D:\Mes documents\Temp\free\fckeditor\editor\skins\default\toolbar\tableinsertcolumn.gif <-- FREE /formagri_2605/fckeditor/editor/skins/default/toolbar tableinsertcolumn.gif
2010.01.15 08:56 B D:\Mes documents\Temp\free\fckeditor\editor\skins\default\toolbar\tableinsertrow.gif <-- FREE /formagri_2605/fckeditor/editor/skins/default/toolbar tableinsertrow.gif
2010.01.15 08:56 B D:\Mes documents\Temp\free\fckeditor\editor\skins\default\toolbar\tablemergecells.gif <-- FREE /formagri_2605/fckeditor/editor/skins/default/toolbar tablemergecells.gif
2010.01.15 08:56 B D:\Mes documents\Temp\free\fckeditor\editor\skins\default\toolbar\tablesplitcell.gif <-- FREE /formagri_2605/fckeditor/editor/skins/default/toolbar tablesplitcell.gif
2010.01.15 08:56 B D:\Mes documents\Temp\free\fckeditor\editor\skins\default\toolbar\textarea.gif <-- FREE /formagri_2605/fckeditor/editor/skins/default/toolbar textarea.gif
2010.01.15 08:56 B D:\Mes documents\Temp\free\fckeditor\editor\skins\default\toolbar\textcolor.gif <-- FREE /formagri_2605/fckeditor/editor/skins/default/toolbar textcolor.gif
2010.01.15 08:56 B D:\Mes documents\Temp\free\fckeditor\editor\skins\default\toolbar\textfield.gif <-- FREE /formagri_2605/fckeditor/editor/skins/default/toolbar textfield.gif
2010.01.15 08:56 B D:\Mes documents\Temp\free\fckeditor\editor\skins\default\toolbar\underline.gif <-- FREE /formagri_2605/fckeditor/editor/skins/default/toolbar underline.gif
2010.01.15 08:56 B D:\Mes documents\Temp\free\fckeditor\editor\skins\default\toolbar\undo.gif <-- FREE /formagri_2605/fckeditor/editor/skins/default/toolbar undo.gif
2010.01.15 08:56 B D:\Mes documents\Temp\free\fckeditor\editor\skins\default\toolbar\universalkey.gif <-- FREE /formagri_2605/fckeditor/editor/skins/default/toolbar universalkey.gif
2010.01.15 08:56 B D:\Mes documents\Temp\free\fckeditor\editor\skins\default\toolbar\unlink.gif <-- FREE /formagri_2605/fckeditor/editor/skins/default/toolbar unlink.gif
2010.01.15 08:56 B D:\Mes documents\Temp\free\fckeditor\editor\skins\default\toolbar\unorderedlist.gif <-- FREE /formagri_2605/fckeditor/editor/skins/default/toolbar unorderedlist.gif
